[2022-08-30T20:28:50.364] [WARN] warnArchive - Estado: 404, Ruta consultada: /api/formProductos.js, Metodo GET
[2022-08-30T20:28:50.371] [WARN] warnArchive - Estado: 404, Ruta consultada: /socket.io/socket.io.js, Metodo GET
[2022-08-30T20:31:59.070] [WARN] warnArchive - Estado: 404, Ruta consultada: /api/formProductos.js, Metodo GET
[2022-08-30T20:32:05.001] [WARN] warnArchive - Estado: 404, Ruta consultada: /api/formProductos.js, Metodo GET
[2022-08-30T20:32:10.742] [WARN] warnArchive - Estado: 404, Ruta consultada: /api/formProductos.js, Metodo GET
[2022-08-30T20:32:12.410] [WARN] warnArchive - Estado: 404, Ruta consultada: /api/formProductos.js, Metodo GET
[2022-08-30T20:32:14.353] [WARN] warnArchive - Estado: 404, Ruta consultada: /api/formProductos.js, Metodo GET
[2022-08-30T20:32:48.150] [WARN] warnArchive - Estado: 404, Ruta consultada: /avatar/public/avatar/1661719606018-givi%20trekker%20dolomiti%2036%20lts.jpg, Metodo GET
[2022-08-30T20:32:52.970] [WARN] warnArchive - Estado: 404, Ruta consultada: /avatar/public/avatar/1661719606018-givi%20trekker%20dolomiti%2036%20lts.jpg, Metodo GET
[2022-09-24T09:41:27.477] [WARN] warnArchive - Estado: 404, Ruta consultada: /socket.io/?EIO=4&transport=polling&t=ODlX4--, Metodo GET
[2022-09-24T09:41:29.770] [WARN] warnArchive - Estado: 404, Ruta consultada: /socket.io/?EIO=4&transport=polling&t=ODlX5z9, Metodo GET
[2022-09-28T18:31:59.715] [WARN] warnArchive - Estado: 404, Ruta consultada: /favicon.ico, Metodo GET
[2022-09-28T18:32:00.402] [WARN] warnArchive - Estado: 404, Ruta consultada: /favicon.ico, Metodo GET
[2022-09-28T18:32:02.898] [WARN] warnArchive - Estado: 404, Ruta consultada: /favicon.ico, Metodo GET
[2022-09-28T18:32:03.777] [WARN] warnArchive - Estado: 404, Ruta consultada: /favicon.ico, Metodo GET
[2022-09-28T18:32:05.184] [WARN] warnArchive - Estado: 404, Ruta consultada: /api/undefined, Metodo GET
[2022-09-28T18:32:05.389] [WARN] warnArchive - Estado: 404, Ruta consultada: /favicon.ico, Metodo GET
[2022-09-28T18:32:06.835] [WARN] warnArchive - Estado: 404, Ruta consultada: /api/undefined, Metodo GET
[2022-09-28T18:32:06.944] [WARN] warnArchive - Estado: 404, Ruta consultada: /favicon.ico, Metodo GET
[2022-09-28T18:32:07.514] [WARN] warnArchive - Estado: 404, Ruta consultada: /favicon.ico, Metodo GET
[2022-09-28T18:32:08.849] [WARN] warnArchive - Estado: 404, Ruta consultada: /favicon.ico, Metodo GET
[2022-09-28T18:32:24.737] [WARN] warnArchive - Estado: 404, Ruta consultada: /favicon.ico, Metodo GET
[2022-09-28T18:32:27.506] [WARN] warnArchive - Estado: 404, Ruta consultada: /api/undefined, Metodo GET
[2022-09-28T18:32:27.623] [WARN] warnArchive - Estado: 404, Ruta consultada: /favicon.ico, Metodo GET
[2022-09-28T18:32:29.820] [WARN] warnArchive - Estado: 404, Ruta consultada: /api/undefined, Metodo GET
[2022-09-28T18:32:29.930] [WARN] warnArchive - Estado: 404, Ruta consultada: /favicon.ico, Metodo GET
[2022-09-28T18:32:34.667] [WARN] warnArchive - Estado: 404, Ruta consultada: /favicon.ico, Metodo GET
[2022-09-28T18:32:35.493] [WARN] warnArchive - Estado: 404, Ruta consultada: /favicon.ico, Metodo GET
[2022-09-28T18:32:36.079] [WARN] warnArchive - Estado: 404, Ruta consultada: /api/undefined, Metodo GET
[2022-09-28T18:32:36.194] [WARN] warnArchive - Estado: 404, Ruta consultada: /favicon.ico, Metodo GET
[2022-09-28T18:32:36.857] [WARN] warnArchive - Estado: 404, Ruta consultada: /favicon.ico, Metodo GET
[2022-09-28T18:32:38.609] [WARN] warnArchive - Estado: 404, Ruta consultada: /favicon.ico, Metodo GET
[2022-09-28T18:32:39.771] [WARN] warnArchive - Estado: 404, Ruta consultada: /api/undefined, Metodo GET
[2022-09-28T18:32:39.878] [WARN] warnArchive - Estado: 404, Ruta consultada: /favicon.ico, Metodo GET
[2022-09-28T18:32:41.902] [WARN] warnArchive - Estado: 404, Ruta consultada: /favicon.ico, Metodo GET
[2022-09-28T18:32:42.613] [WARN] warnArchive - Estado: 404, Ruta consultada: /favicon.ico, Metodo GET
[2022-09-28T18:32:43.279] [WARN] warnArchive - Estado: 404, Ruta consultada: /api/undefined, Metodo GET
[2022-09-28T18:32:43.429] [WARN] warnArchive - Estado: 404, Ruta consultada: /favicon.ico, Metodo GET
[2022-09-28T18:32:44.384] [WARN] warnArchive - Estado: 404, Ruta consultada: /api/undefined, Metodo GET
[2022-09-28T18:32:44.499] [WARN] warnArchive - Estado: 404, Ruta consultada: /favicon.ico, Metodo GET
[2022-09-28T18:32:45.168] [WARN] warnArchive - Estado: 404, Ruta consultada: /api/undefined, Metodo GET
[2022-09-28T18:32:45.277] [WARN] warnArchive - Estado: 404, Ruta consultada: /favicon.ico, Metodo GET
[2022-09-28T18:32:45.866] [WARN] warnArchive - Estado: 404, Ruta consultada: /favicon.ico, Metodo GET
[2022-09-28T18:32:47.149] [WARN] warnArchive - Estado: 404, Ruta consultada: /favicon.ico, Metodo GET
[2022-09-28T18:32:49.069] [WARN] warnArchive - Estado: 404, Ruta consultada: /favicon.ico, Metodo GET
[2022-09-28T18:33:23.015] [WARN] warnArchive - Estado: 404, Ruta consultada: /favicon.ico, Metodo GET
[2022-09-28T18:33:24.251] [WARN] warnArchive - Estado: 404, Ruta consultada: /favicon.ico, Metodo GET
[2022-09-28T18:33:25.901] [WARN] warnArchive - Estado: 404, Ruta consultada: /favicon.ico, Metodo GET
[2022-09-28T18:33:26.649] [WARN] warnArchive - Estado: 404, Ruta consultada: /api/undefined, Metodo GET
[2022-09-28T18:33:26.769] [WARN] warnArchive - Estado: 404, Ruta consultada: /favicon.ico, Metodo GET
[2022-09-28T18:33:28.636] [WARN] warnArchive - Estado: 404, Ruta consultada: /favicon.ico, Metodo GET
[2022-09-28T18:33:29.634] [WARN] warnArchive - Estado: 404, Ruta consultada: /favicon.ico, Metodo GET
[2023-04-02T14:10:11.968] [WARN] warnArchive - Estado: 404, Ruta consultada: /favicon.ico, Metodo GET
[2023-04-02T14:10:12.650] [WARN] warnArchive - Estado: 404, Ruta consultada: /favicon.ico, Metodo GET
[2023-04-02T19:40:00.747] [WARN] warnArchive - Estado: 404, Ruta consultada: /favicon.ico, Metodo GET
[2023-04-02T19:40:16.841] [WARN] warnArchive - Estado: 404, Ruta consultada: /favicon.ico, Metodo GET
[2023-04-02T19:58:25.433] [WARN] warnArchive - Estado: 404, Ruta consultada: /Css/style.css, Metodo GET
[2023-04-02T19:58:26.593] [WARN] warnArchive - Estado: 404, Ruta consultada: /Css/style.css, Metodo GET
[2023-04-02T19:59:13.028] [WARN] warnArchive - Estado: 404, Ruta consultada: /Css/style.css, Metodo GET
[2023-04-02T20:01:10.530] [WARN] warnArchive - Estado: 404, Ruta consultada: /Css/style.css, Metodo GET
[2023-04-02T20:01:13.180] [WARN] warnArchive - Estado: 404, Ruta consultada: /Css/style.css, Metodo GET
[2023-04-02T20:01:30.914] [WARN] warnArchive - Estado: 404, Ruta consultada: /Css/style.css, Metodo GET
[2023-04-02T20:02:48.031] [WARN] warnArchive - Estado: 404, Ruta consultada: /Css/style.css, Metodo GET
[2023-04-02T20:04:12.240] [WARN] warnArchive - Estado: 404, Ruta consultada: /Css/style.css, Metodo GET
[2023-04-02T20:04:14.429] [WARN] warnArchive - Estado: 404, Ruta consultada: /Css/style.css, Metodo GET
[2023-04-02T20:04:18.642] [WARN] warnArchive - Estado: 404, Ruta consultada: /favicon.ico, Metodo GET
[2023-04-02T20:04:19.237] [WARN] warnArchive - Estado: 404, Ruta consultada: /Css/style.css, Metodo GET
[2023-04-02T20:04:56.885] [WARN] warnArchive - Estado: 404, Ruta consultada: /Css/style.css, Metodo GET
[2023-04-02T20:05:48.809] [WARN] warnArchive - Estado: 404, Ruta consultada: /Css/style.css, Metodo GET
[2023-04-02T20:06:06.526] [WARN] warnArchive - Estado: 404, Ruta consultada: /Css/style.css, Metodo GET
[2023-04-02T20:06:35.687] [WARN] warnArchive - Estado: 404, Ruta consultada: /Css/style.css, Metodo GET
[2023-04-02T20:06:48.004] [WARN] warnArchive - Estado: 404, Ruta consultada: /Css/style.css, Metodo GET
[2023-04-02T20:07:27.751] [WARN] warnArchive - Estado: 404, Ruta consultada: /Css/style.css, Metodo GET
[2023-04-02T20:07:45.348] [WARN] warnArchive - Estado: 404, Ruta consultada: /Css/style.css, Metodo GET
[2023-04-02T20:07:54.685] [WARN] warnArchive - Estado: 404, Ruta consultada: /Css/style.css, Metodo GET
[2023-04-02T20:09:10.411] [WARN] warnArchive - Estado: 404, Ruta consultada: /Css/style.css, Metodo GET
[2023-04-02T20:09:19.721] [WARN] warnArchive - Estado: 404, Ruta consultada: /Css/style.css, Metodo GET
[2023-04-02T20:10:40.336] [WARN] warnArchive - Estado: 404, Ruta consultada: /Css/style.css, Metodo GET
[2023-04-02T20:11:17.329] [WARN] warnArchive - Estado: 404, Ruta consultada: /Css/style.css, Metodo GET
[2023-04-02T20:11:27.992] [WARN] warnArchive - Estado: 404, Ruta consultada: /Css/style.css, Metodo GET
[2023-04-02T20:12:00.063] [WARN] warnArchive - Estado: 404, Ruta consultada: /Css/style.css, Metodo GET
[2023-04-02T20:13:23.748] [WARN] warnArchive - Estado: 404, Ruta consultada: /Css/style.css, Metodo GET
[2023-04-02T20:13:34.663] [WARN] warnArchive - Estado: 404, Ruta consultada: /Css/style.css, Metodo GET
[2023-04-02T20:13:54.081] [WARN] warnArchive - Estado: 404, Ruta consultada: /Css/style.css, Metodo GET
[2023-04-02T20:14:06.910] [WARN] warnArchive - Estado: 404, Ruta consultada: /Css/style.css, Metodo GET
[2023-04-02T20:14:20.989] [WARN] warnArchive - Estado: 404, Ruta consultada: /Css/style.css, Metodo GET
[2023-04-02T20:14:42.176] [WARN] warnArchive - Estado: 404, Ruta consultada: /Css/style.css, Metodo GET
[2023-04-02T20:14:48.181] [WARN] warnArchive - Estado: 404, Ruta consultada: /Css/style.css, Metodo GET
[2023-04-02T20:14:58.892] [WARN] warnArchive - Estado: 404, Ruta consultada: /Css/style.css, Metodo GET
[2023-04-02T20:15:22.086] [WARN] warnArchive - Estado: 404, Ruta consultada: /Css/style.css, Metodo GET
[2023-04-02T20:15:28.027] [WARN] warnArchive - Estado: 404, Ruta consultada: /Css/style.css, Metodo GET
[2023-04-02T20:15:33.772] [WARN] warnArchive - Estado: 404, Ruta consultada: /Css/style.css, Metodo GET
[2023-04-02T20:17:12.549] [WARN] warnArchive - Estado: 404, Ruta consultada: /Css/style.css, Metodo GET
[2023-04-02T20:19:40.316] [WARN] warnArchive - Estado: 404, Ruta consultada: /Css/style.css, Metodo GET
[2023-04-02T20:19:43.200] [WARN] warnArchive - Estado: 404, Ruta consultada: /Css/style.css, Metodo GET
[2023-04-02T20:19:45.736] [WARN] warnArchive - Estado: 404, Ruta consultada: /Css/style.css, Metodo GET
[2023-04-02T20:19:47.973] [WARN] warnArchive - Estado: 404, Ruta consultada: /Css/style.css, Metodo GET
[2023-04-02T20:19:49.482] [WARN] warnArchive - Estado: 404, Ruta consultada: /Css/style.css, Metodo GET
[2023-04-02T20:19:50.830] [WARN] warnArchive - Estado: 404, Ruta consultada: /Css/style.css, Metodo GET
[2023-04-02T20:19:55.708] [WARN] warnArchive - Estado: 404, Ruta consultada: /Css/style.css, Metodo GET
[2023-04-02T20:43:59.054] [WARN] warnArchive - Estado: 404, Ruta consultada: /Css/style.css, Metodo GET
[2023-04-02T20:44:34.589] [WARN] warnArchive - Estado: 404, Ruta consultada: /Css/style.css, Metodo GET
[2023-04-02T20:45:07.726] [WARN] warnArchive - Estado: 404, Ruta consultada: /Css/style.css, Metodo GET
[2023-04-02T20:45:08.820] [WARN] warnArchive - Estado: 404, Ruta consultada: /Css/style.css, Metodo GET
[2023-04-02T20:45:11.250] [WARN] warnArchive - Estado: 404, Ruta consultada: /Css/style.css, Metodo GET
[2023-04-02T20:45:14.335] [WARN] warnArchive - Estado: 404, Ruta consultada: /Css/style.css, Metodo GET
[2023-04-02T20:45:44.427] [WARN] warnArchive - Estado: 404, Ruta consultada: /Css/style.css, Metodo GET
[2023-04-02T20:47:08.316] [WARN] warnArchive - Estado: 404, Ruta consultada: /Css/style.css, Metodo GET
[2023-04-02T20:47:22.022] [WARN] warnArchive - Estado: 404, Ruta consultada: /Css/style.css, Metodo GET
[2023-04-02T20:50:58.702] [WARN] warnArchive - Estado: 404, Ruta consultada: /Css/style.css, Metodo GET
[2023-04-02T20:52:02.404] [WARN] warnArchive - Estado: 404, Ruta consultada: /Css/style.css, Metodo GET
[2023-04-02T20:52:35.853] [WARN] warnArchive - Estado: 404, Ruta consultada: /Css/style.css, Metodo GET
[2023-04-02T20:53:02.623] [WARN] warnArchive - Estado: 404, Ruta consultada: /Css/style.css, Metodo GET
[2023-04-02T20:53:15.611] [WARN] warnArchive - Estado: 404, Ruta consultada: /Css/style.css, Metodo GET
[2023-04-02T20:53:32.017] [WARN] warnArchive - Estado: 404, Ruta consultada: /Css/style.css, Metodo GET
[2023-04-02T20:58:15.121] [WARN] warnArchive - Estado: 404, Ruta consultada: /Css/style.css, Metodo GET
[2023-04-02T20:58:25.664] [WARN] warnArchive - Estado: 404, Ruta consultada: /Css/style.css, Metodo GET
[2023-04-02T20:58:51.446] [WARN] warnArchive - Estado: 404, Ruta consultada: /Css/style.css, Metodo GET
[2023-04-02T20:59:01.928] [WARN] warnArchive - Estado: 404, Ruta consultada: /Css/style.css, Metodo GET
[2023-04-02T20:59:42.122] [WARN] warnArchive - Estado: 404, Ruta consultada: /Css/style.css, Metodo GET
[2023-04-02T20:59:54.964] [WARN] warnArchive - Estado: 404, Ruta consultada: /Css/style.css, Metodo GET
[2023-04-02T21:00:08.527] [WARN] warnArchive - Estado: 404, Ruta consultada: /Css/style.css, Metodo GET
[2023-04-02T21:00:40.444] [WARN] warnArchive - Estado: 404, Ruta consultada: /Css/style.css, Metodo GET
[2023-04-02T21:01:19.450] [WARN] warnArchive - Estado: 404, Ruta consultada: /Css/style.css, Metodo GET
[2023-04-02T21:02:16.969] [WARN] warnArchive - Estado: 404, Ruta consultada: /Css/style.css, Metodo GET
[2023-04-02T21:05:24.563] [WARN] warnArchive - Estado: 404, Ruta consultada: /Css/style.css, Metodo GET
[2023-04-02T21:05:24.874] [WARN] warnArchive - Estado: 404, Ruta consultada: /favicon.ico, Metodo GET
[2023-04-02T21:06:10.532] [WARN] warnArchive - Estado: 404, Ruta consultada: /Css/style.css, Metodo GET
[2023-04-08T12:35:04.217] [WARN] warnArchive - Estado: 404, Ruta consultada: /Css/style.css, Metodo GET
[2023-04-08T12:35:04.893] [WARN] warnArchive - Estado: 404, Ruta consultada: /favicon.ico, Metodo GET
[2023-04-08T12:35:08.865] [WARN] warnArchive - Estado: 404, Ruta consultada: /Css/style.css, Metodo GET
[2023-04-08T12:35:09.781] [WARN] warnArchive - Estado: 404, Ruta consultada: /favicon.ico, Metodo GET
[2023-04-08T12:35:12.487] [WARN] warnArchive - Estado: 404, Ruta consultada: /Css/style.css, Metodo GET
[2023-04-08T12:35:12.982] [WARN] warnArchive - Estado: 404, Ruta consultada: /favicon.ico, Metodo GET
[2023-04-08T12:35:21.221] [WARN] warnArchive - Estado: 404, Ruta consultada: /Css/style.css, Metodo GET
[2023-04-08T12:35:21.729] [WARN] warnArchive - Estado: 404, Ruta consultada: /favicon.ico, Metodo GET
[2023-04-08T12:35:24.877] [WARN] warnArchive - Estado: 404, Ruta consultada: /Css/style.css, Metodo GET
[2023-04-08T12:35:25.399] [WARN] warnArchive - Estado: 404, Ruta consultada: /favicon.ico, Metodo GET
[2023-04-08T12:35:26.776] [WARN] warnArchive - Estado: 404, Ruta consultada: /Css/style.css, Metodo GET
[2023-04-08T12:35:28.825] [WARN] warnArchive - Estado: 404, Ruta consultada: /avatar/, Metodo GET
[2023-04-08T12:35:29.156] [WARN] warnArchive - Estado: 404, Ruta consultada: /favicon.ico, Metodo GET
[2023-04-08T12:35:33.582] [WARN] warnArchive - Estado: 404, Ruta consultada: /Css/style.css, Metodo GET
[2023-04-08T12:35:34.100] [WARN] warnArchive - Estado: 404, Ruta consultada: /favicon.ico, Metodo GET
[2023-04-08T12:35:35.910] [WARN] warnArchive - Estado: 404, Ruta consultada: /avatar/, Metodo GET
[2023-04-08T12:35:36.312] [WARN] warnArchive - Estado: 404, Ruta consultada: /Css/style.css, Metodo GET
[2023-04-08T12:35:36.800] [WARN] warnArchive - Estado: 404, Ruta consultada: /favicon.ico, Metodo GET
[2023-04-08T12:36:18.139] [WARN] warnArchive - Estado: 404, Ruta consultada: /avatar/, Metodo GET
[2023-04-08T12:36:18.146] [WARN] warnArchive - Estado: 404, Ruta consultada: /Css/style.css, Metodo GET
[2023-04-08T12:36:18.659] [WARN] warnArchive - Estado: 404, Ruta consultada: /favicon.ico, Metodo GET
[2023-04-08T12:36:51.173] [WARN] warnArchive - Estado: 404, Ruta consultada: /Css/style.css, Metodo GET
[2023-04-08T12:36:51.593] [WARN] warnArchive - Estado: 404, Ruta consultada: /avatar/, Metodo GET
[2023-04-08T12:36:51.919] [WARN] warnArchive - Estado: 404, Ruta consultada: /favicon.ico, Metodo GET
[2023-04-08T12:36:54.000] [WARN] warnArchive - Estado: 404, Ruta consultada: /Css/style.css, Metodo GET
[2023-04-08T12:36:54.510] [WARN] warnArchive - Estado: 404, Ruta consultada: /favicon.ico, Metodo GET
[2023-04-08T12:36:57.433] [WARN] warnArchive - Estado: 404, Ruta consultada: /Css/style.css, Metodo GET
[2023-04-08T12:36:57.937] [WARN] warnArchive - Estado: 404, Ruta consultada: /favicon.ico, Metodo GET
[2023-04-08T12:36:59.690] [WARN] warnArchive - Estado: 404, Ruta consultada: /Css/style.css, Metodo GET
[2023-04-08T12:37:00.099] [WARN] warnArchive - Estado: 404, Ruta consultada: /avatar/, Metodo GET
[2023-04-08T12:37:00.494] [WARN] warnArchive - Estado: 404, Ruta consultada: /favicon.ico, Metodo GET
[2023-04-08T12:37:41.817] [WARN] warnArchive - Estado: 404, Ruta consultada: /avatar/, Metodo GET
[2023-04-08T12:37:42.170] [WARN] warnArchive - Estado: 404, Ruta consultada: /favicon.ico, Metodo GET
[2023-04-08T12:37:42.975] [WARN] warnArchive - Estado: 404, Ruta consultada: /favicon.ico, Metodo GET
[2023-04-08T12:38:00.857] [WARN] warnArchive - Estado: 404, Ruta consultada: /avatar/, Metodo GET
[2023-04-08T12:38:01.220] [WARN] warnArchive - Estado: 404, Ruta consultada: /favicon.ico, Metodo GET
[2023-04-08T12:38:08.467] [WARN] warnArchive - Estado: 404, Ruta consultada: /avatar/, Metodo GET
[2023-04-08T12:38:08.814] [WARN] warnArchive - Estado: 404, Ruta consultada: /favicon.ico, Metodo GET
[2023-04-08T12:38:30.622] [WARN] warnArchive - Estado: 404, Ruta consultada: /avatar/, Metodo GET
[2023-04-08T12:38:30.968] [WARN] warnArchive - Estado: 404, Ruta consultada: /favicon.ico, Metodo GET
[2023-04-08T12:38:36.548] [WARN] warnArchive - Estado: 404, Ruta consultada: /favicon.ico, Metodo GET
[2023-04-08T12:38:38.077] [WARN] warnArchive - Estado: 404, Ruta consultada: /favicon.ico, Metodo GET
[2023-04-08T12:39:08.307] [WARN] warnArchive - Estado: 404, Ruta consultada: /favicon.ico, Metodo GET
[2023-04-08T12:39:08.823] [WARN] warnArchive - Estado: 404, Ruta consultada: /avatar/, Metodo GET
[2023-04-08T12:39:09.160] [WARN] warnArchive - Estado: 404, Ruta consultada: /favicon.ico, Metodo GET
[2023-04-08T12:39:14.075] [WARN] warnArchive - Estado: 404, Ruta consultada: /favicon.ico, Metodo GET
[2023-04-08T12:39:16.823] [WARN] warnArchive - Estado: 404, Ruta consultada: /favicon.ico, Metodo GET
[2023-04-08T12:45:19.826] [WARN] warnArchive - Estado: 404, Ruta consultada: /favicon.ico, Metodo GET
[2023-04-08T12:46:21.889] [WARN] warnArchive - Estado: 404, Ruta consultada: /favicon.ico, Metodo GET
[2023-04-08T12:46:23.781] [WARN] warnArchive - Estado: 404, Ruta consultada: /favicon.ico, Metodo GET
[2023-04-08T12:46:24.107] [WARN] warnArchive - Estado: 404, Ruta consultada: /favicon.ico, Metodo GET
[2023-04-08T12:46:24.406] [WARN] warnArchive - Estado: 404, Ruta consultada: /favicon.ico, Metodo GET
[2023-04-08T12:46:24.708] [WARN] warnArchive - Estado: 404, Ruta consultada: /favicon.ico, Metodo GET
[2023-04-08T12:46:25.007] [WARN] warnArchive - Estado: 404, Ruta consultada: /favicon.ico, Metodo GET
[2023-04-08T12:46:25.306] [WARN] warnArchive - Estado: 404, Ruta consultada: /favicon.ico, Metodo GET
[2023-04-08T12:46:25.604] [WARN] warnArchive - Estado: 404, Ruta consultada: /favicon.ico, Metodo GET
[2023-04-08T12:46:25.904] [WARN] warnArchive - Estado: 404, Ruta consultada: /favicon.ico, Metodo GET
[2023-04-08T12:46:26.916] [WARN] warnArchive - Estado: 404, Ruta consultada: /favicon.ico, Metodo GET
[2023-04-08T12:46:28.248] [WARN] warnArchive - Estado: 404, Ruta consultada: /favicon.ico, Metodo GET
[2023-04-08T12:46:28.547] [WARN] warnArchive - Estado: 404, Ruta consultada: /favicon.ico, Metodo GET
[2023-04-08T12:46:28.849] [WARN] warnArchive - Estado: 404, Ruta consultada: /favicon.ico, Metodo GET
[2023-04-08T12:46:30.852] [WARN] warnArchive - Estado: 404, Ruta consultada: /favicon.ico, Metodo GET
[2023-04-08T12:46:31.151] [WARN] warnArchive - Estado: 404, Ruta consultada: /favicon.ico, Metodo GET
[2023-04-08T12:46:31.451] [WARN] warnArchive - Estado: 404, Ruta consultada: /favicon.ico, Metodo GET
[2023-04-08T12:46:31.751] [WARN] warnArchive - Estado: 404, Ruta consultada: /favicon.ico, Metodo GET
[2023-04-08T12:46:32.049] [WARN] warnArchive - Estado: 404, Ruta consultada: /favicon.ico, Metodo GET
[2023-04-08T12:46:32.348] [WARN] warnArchive - Estado: 404, Ruta consultada: /favicon.ico, Metodo GET
[2023-04-08T12:46:36.105] [WARN] warnArchive - Estado: 404, Ruta consultada: /favicon.ico, Metodo GET
[2023-04-08T12:46:36.466] [WARN] warnArchive - Estado: 404, Ruta consultada: /favicon.ico, Metodo GET
[2023-04-08T12:46:36.869] [WARN] warnArchive - Estado: 404, Ruta consultada: /favicon.ico, Metodo GET
[2023-04-08T12:46:37.169] [WARN] warnArchive - Estado: 404, Ruta consultada: /favicon.ico, Metodo GET
[2023-04-08T12:46:41.107] [WARN] warnArchive - Estado: 404, Ruta consultada: /favicon.ico, Metodo GET
[2023-04-08T12:46:41.413] [WARN] warnArchive - Estado: 404, Ruta consultada: /favicon.ico, Metodo GET
[2023-04-08T12:46:41.713] [WARN] warnArchive - Estado: 404, Ruta consultada: /favicon.ico, Metodo GET
[2023-04-08T12:46:44.271] [WARN] warnArchive - Estado: 404, Ruta consultada: /favicon.ico, Metodo GET
[2023-04-08T12:46:46.587] [WARN] warnArchive - Estado: 404, Ruta consultada: /favicon.ico, Metodo GET
[2023-04-08T12:46:47.516] [WARN] warnArchive - Estado: 404, Ruta consultada: /favicon.ico, Metodo GET
[2023-04-08T12:46:47.816] [WARN] warnArchive - Estado: 404, Ruta consultada: /favicon.ico, Metodo GET
[2023-04-08T12:46:48.117] [WARN] warnArchive - Estado: 404, Ruta consultada: /favicon.ico, Metodo GET
[2023-04-08T12:46:48.417] [WARN] warnArchive - Estado: 404, Ruta consultada: /favicon.ico, Metodo GET
[2023-04-08T12:46:48.716] [WARN] warnArchive - Estado: 404, Ruta consultada: /favicon.ico, Metodo GET
[2023-04-08T12:46:49.017] [WARN] warnArchive - Estado: 404, Ruta consultada: /favicon.ico, Metodo GET
[2023-04-08T12:46:49.576] [WARN] warnArchive - Estado: 404, Ruta consultada: /favicon.ico, Metodo GET
[2023-04-08T12:46:50.388] [WARN] warnArchive - Estado: 404, Ruta consultada: /favicon.ico, Metodo GET
[2023-04-08T12:46:51.054] [WARN] warnArchive - Estado: 404, Ruta consultada: /favicon.ico, Metodo GET
[2023-04-08T12:46:59.258] [WARN] warnArchive - Estado: 404, Ruta consultada: /favicon.ico, Metodo GET
[2023-04-08T12:46:59.574] [WARN] warnArchive - Estado: 404, Ruta consultada: /favicon.ico, Metodo GET
[2023-04-08T12:46:59.874] [WARN] warnArchive - Estado: 404, Ruta consultada: /favicon.ico, Metodo GET
[2023-04-08T12:47:01.112] [WARN] warnArchive - Estado: 404, Ruta consultada: /favicon.ico, Metodo GET
[2023-04-08T12:47:03.064] [WARN] warnArchive - Estado: 404, Ruta consultada: /favicon.ico, Metodo GET
[2023-04-08T12:47:03.647] [WARN] warnArchive - Estado: 404, Ruta consultada: /favicon.ico, Metodo GET
[2023-04-08T12:47:03.947] [WARN] warnArchive - Estado: 404, Ruta consultada: /favicon.ico, Metodo GET
[2023-04-08T12:47:05.332] [WARN] warnArchive - Estado: 404, Ruta consultada: /favicon.ico, Metodo GET
[2023-04-08T12:47:05.643] [WARN] warnArchive - Estado: 404, Ruta consultada: /favicon.ico, Metodo GET
[2023-04-08T12:47:05.944] [WARN] warnArchive - Estado: 404, Ruta consultada: /favicon.ico, Metodo GET
[2023-04-08T12:47:06.415] [WARN] warnArchive - Estado: 404, Ruta consultada: /favicon.ico, Metodo GET
[2023-04-08T12:47:06.715] [WARN] warnArchive - Estado: 404, Ruta consultada: /favicon.ico, Metodo GET
[2023-04-08T12:47:07.927] [WARN] warnArchive - Estado: 404, Ruta consultada: /favicon.ico, Metodo GET
[2023-04-08T12:47:08.226] [WARN] warnArchive - Estado: 404, Ruta consultada: /favicon.ico, Metodo GET
[2023-04-08T12:47:08.852] [WARN] warnArchive - Estado: 404, Ruta consultada: /favicon.ico, Metodo GET
[2023-04-08T12:47:15.469] [WARN] warnArchive - Estado: 404, Ruta consultada: /favicon.ico, Metodo GET
[2023-04-08T12:47:15.769] [WARN] warnArchive - Estado: 404, Ruta consultada: /favicon.ico, Metodo GET
[2023-04-08T12:47:16.069] [WARN] warnArchive - Estado: 404, Ruta consultada: /favicon.ico, Metodo GET
[2023-04-08T12:47:16.370] [WARN] warnArchive - Estado: 404, Ruta consultada: /favicon.ico, Metodo GET
[2023-04-08T12:47:16.668] [WARN] warnArchive - Estado: 404, Ruta consultada: /favicon.ico, Metodo GET
[2023-04-08T12:47:17.816] [WARN] warnArchive - Estado: 404, Ruta consultada: /favicon.ico, Metodo GET
[2023-04-08T12:47:20.585] [WARN] warnArchive - Estado: 404, Ruta consultada: /favicon.ico, Metodo GET
[2023-04-08T12:47:22.269] [WARN] warnArchive - Estado: 404, Ruta consultada: /favicon.ico, Metodo GET
[2023-04-08T12:47:22.567] [WARN] warnArchive - Estado: 404, Ruta consultada: /favicon.ico, Metodo GET
[2023-04-08T12:47:22.869] [WARN] warnArchive - Estado: 404, Ruta consultada: /favicon.ico, Metodo GET
[2023-04-08T12:47:23.172] [WARN] warnArchive - Estado: 404, Ruta consultada: /favicon.ico, Metodo GET
[2023-04-08T12:47:23.473] [WARN] warnArchive - Estado: 404, Ruta consultada: /favicon.ico, Metodo GET
[2023-04-08T12:47:24.234] [WARN] warnArchive - Estado: 404, Ruta consultada: /favicon.ico, Metodo GET
[2023-04-08T12:47:26.525] [WARN] warnArchive - Estado: 404, Ruta consultada: /favicon.ico, Metodo GET
[2023-04-08T12:47:26.902] [WARN] warnArchive - Estado: 404, Ruta consultada: /favicon.ico, Metodo GET
[2023-04-08T12:47:27.918] [WARN] warnArchive - Estado: 404, Ruta consultada: /favicon.ico, Metodo GET
[2023-04-08T12:47:31.346] [WARN] warnArchive - Estado: 404, Ruta consultada: /favicon.ico, Metodo GET
[2023-04-08T12:47:33.106] [WARN] warnArchive - Estado: 404, Ruta consultada: /favicon.ico, Metodo GET
[2023-04-08T12:47:33.407] [WARN] warnArchive - Estado: 404, Ruta consultada: /favicon.ico, Metodo GET
[2023-04-08T12:47:35.784] [WARN] warnArchive - Estado: 404, Ruta consultada: /favicon.ico, Metodo GET
[2023-04-08T12:47:36.087] [WARN] warnArchive - Estado: 404, Ruta consultada: /favicon.ico, Metodo GET
[2023-04-08T12:47:36.389] [WARN] warnArchive - Estado: 404, Ruta consultada: /favicon.ico, Metodo GET
[2023-04-08T12:47:36.690] [WARN] warnArchive - Estado: 404, Ruta consultada: /favicon.ico, Metodo GET
[2023-04-08T12:47:36.991] [WARN] warnArchive - Estado: 404, Ruta consultada: /favicon.ico, Metodo GET
[2023-04-08T12:47:37.296] [WARN] warnArchive - Estado: 404, Ruta consultada: /favicon.ico, Metodo GET
[2023-04-08T12:47:38.440] [WARN] warnArchive - Estado: 404, Ruta consultada: /favicon.ico, Metodo GET
[2023-04-08T12:47:40.220] [WARN] warnArchive - Estado: 404, Ruta consultada: /favicon.ico, Metodo GET
[2023-04-08T12:47:40.794] [WARN] warnArchive - Estado: 404, Ruta consultada: /favicon.ico, Metodo GET
[2023-04-08T12:47:48.769] [WARN] warnArchive - Estado: 404, Ruta consultada: /favicon.ico, Metodo GET
[2023-04-08T12:48:00.079] [WARN] warnArchive - Estado: 404, Ruta consultada: /favicon.ico, Metodo GET
[2023-04-08T12:48:02.096] [WARN] warnArchive - Estado: 404, Ruta consultada: /favicon.ico, Metodo GET
[2023-04-08T12:48:03.877] [WARN] warnArchive - Estado: 404, Ruta consultada: /favicon.ico, Metodo GET
[2023-04-08T12:48:04.178] [WARN] warnArchive - Estado: 404, Ruta consultada: /favicon.ico, Metodo GET
[2023-04-08T12:48:06.399] [WARN] warnArchive - Estado: 404, Ruta consultada: /favicon.ico, Metodo GET
[2023-04-08T12:48:06.699] [WARN] warnArchive - Estado: 404, Ruta consultada: /favicon.ico, Metodo GET
[2023-04-08T12:48:07.018] [WARN] warnArchive - Estado: 404, Ruta consultada: /favicon.ico, Metodo GET
[2023-04-08T12:48:07.317] [WARN] warnArchive - Estado: 404, Ruta consultada: /favicon.ico, Metodo GET
[2023-04-08T12:48:07.617] [WARN] warnArchive - Estado: 404, Ruta consultada: /favicon.ico, Metodo GET
[2023-04-08T12:48:07.917] [WARN] warnArchive - Estado: 404, Ruta consultada: /favicon.ico, Metodo GET
[2023-04-08T12:48:08.610] [WARN] warnArchive - Estado: 404, Ruta consultada: /favicon.ico, Metodo GET
[2023-04-08T12:48:10.262] [WARN] warnArchive - Estado: 404, Ruta consultada: /favicon.ico, Metodo GET
[2023-04-08T12:48:10.562] [WARN] warnArchive - Estado: 404, Ruta consultada: /favicon.ico, Metodo GET
[2023-04-08T12:48:10.861] [WARN] warnArchive - Estado: 404, Ruta consultada: /favicon.ico, Metodo GET
[2023-04-08T12:48:11.159] [WARN] warnArchive - Estado: 404, Ruta consultada: /favicon.ico, Metodo GET
[2023-04-08T12:48:11.584] [WARN] warnArchive - Estado: 404, Ruta consultada: /favicon.ico, Metodo GET
[2023-04-08T12:48:11.884] [WARN] warnArchive - Estado: 404, Ruta consultada: /favicon.ico, Metodo GET
[2023-04-08T12:48:12.183] [WARN] warnArchive - Estado: 404, Ruta consultada: /favicon.ico, Metodo GET
[2023-04-08T12:48:12.666] [WARN] warnArchive - Estado: 404, Ruta consultada: /favicon.ico, Metodo GET
[2023-04-08T12:48:12.966] [WARN] warnArchive - Estado: 404, Ruta consultada: /favicon.ico, Metodo GET
[2023-04-08T12:48:16.105] [WARN] warnArchive - Estado: 404, Ruta consultada: /favicon.ico, Metodo GET
[2023-04-08T12:48:16.976] [WARN] warnArchive - Estado: 404, Ruta consultada: /favicon.ico, Metodo GET
[2023-04-08T12:48:20.837] [WARN] warnArchive - Estado: 404, Ruta consultada: /favicon.ico, Metodo GET
[2023-04-08T12:48:21.138] [WARN] warnArchive - Estado: 404, Ruta consultada: /favicon.ico, Metodo GET
[2023-04-08T12:48:24.635] [WARN] warnArchive - Estado: 404, Ruta consultada: /favicon.ico, Metodo GET
[2023-04-08T12:48:25.912] [WARN] warnArchive - Estado: 404, Ruta consultada: /favicon.ico, Metodo GET
[2023-04-08T12:48:28.733] [WARN] warnArchive - Estado: 404, Ruta consultada: /favicon.ico, Metodo GET
[2023-04-08T12:48:29.239] [WARN] warnArchive - Estado: 404, Ruta consultada: /favicon.ico, Metodo GET
[2023-04-08T12:48:36.831] [WARN] warnArchive - Estado: 404, Ruta consultada: /favicon.ico, Metodo GET
[2023-04-08T12:48:37.760] [WARN] warnArchive - Estado: 404, Ruta consultada: /favicon.ico, Metodo GET
[2023-04-08T12:48:38.546] [WARN] warnArchive - Estado: 404, Ruta consultada: /favicon.ico, Metodo GET
[2023-04-08T12:48:39.054] [WARN] warnArchive - Estado: 404, Ruta consultada: /favicon.ico, Metodo GET
[2023-04-08T12:48:39.353] [WARN] warnArchive - Estado: 404, Ruta consultada: /favicon.ico, Metodo GET
[2023-04-08T12:48:39.936] [WARN] warnArchive - Estado: 404, Ruta consultada: /favicon.ico, Metodo GET
[2023-04-08T12:48:40.236] [WARN] warnArchive - Estado: 404, Ruta consultada: /favicon.ico, Metodo GET
[2023-04-08T12:48:40.536] [WARN] warnArchive - Estado: 404, Ruta consultada: /favicon.ico, Metodo GET
[2023-04-08T12:48:41.079] [WARN] warnArchive - Estado: 404, Ruta consultada: /favicon.ico, Metodo GET
[2023-04-08T12:48:41.993] [WARN] warnArchive - Estado: 404, Ruta consultada: /favicon.ico, Metodo GET
[2023-04-08T12:48:42.292] [WARN] warnArchive - Estado: 404, Ruta consultada: /favicon.ico, Metodo GET
[2023-04-08T12:48:43.641] [WARN] warnArchive - Estado: 404, Ruta consultada: /favicon.ico, Metodo GET
[2023-04-08T12:48:45.352] [WARN] warnArchive - Estado: 404, Ruta consultada: /favicon.ico, Metodo GET
[2023-04-08T12:48:45.650] [WARN] warnArchive - Estado: 404, Ruta consultada: /favicon.ico, Metodo GET
[2023-04-08T12:48:45.949] [WARN] warnArchive - Estado: 404, Ruta consultada: /favicon.ico, Metodo GET
[2023-04-08T12:48:46.251] [WARN] warnArchive - Estado: 404, Ruta consultada: /favicon.ico, Metodo GET
[2023-04-08T12:48:46.551] [WARN] warnArchive - Estado: 404, Ruta consultada: /favicon.ico, Metodo GET
[2023-04-08T12:48:47.059] [WARN] warnArchive - Estado: 404, Ruta consultada: /favicon.ico, Metodo GET
[2023-04-08T12:48:47.625] [WARN] warnArchive - Estado: 404, Ruta consultada: /favicon.ico, Metodo GET
[2023-04-08T12:48:47.924] [WARN] warnArchive - Estado: 404, Ruta consultada: /favicon.ico, Metodo GET
[2023-04-08T12:48:48.223] [WARN] warnArchive - Estado: 404, Ruta consultada: /favicon.ico, Metodo GET
[2023-04-08T12:48:48.571] [WARN] warnArchive - Estado: 404, Ruta consultada: /favicon.ico, Metodo GET
[2023-04-08T12:48:49.394] [WARN] warnArchive - Estado: 404, Ruta consultada: /favicon.ico, Metodo GET
[2023-04-08T12:48:49.693] [WARN] warnArchive - Estado: 404, Ruta consultada: /favicon.ico, Metodo GET
[2023-04-08T12:48:49.992] [WARN] warnArchive - Estado: 404, Ruta consultada: /favicon.ico, Metodo GET
[2023-04-08T12:48:50.345] [WARN] warnArchive - Estado: 404, Ruta consultada: /favicon.ico, Metodo GET
[2023-04-08T12:48:50.646] [WARN] warnArchive - Estado: 404, Ruta consultada: /favicon.ico, Metodo GET
[2023-04-08T12:48:50.948] [WARN] warnArchive - Estado: 404, Ruta consultada: /favicon.ico, Metodo GET
[2023-04-08T12:48:51.248] [WARN] warnArchive - Estado: 404, Ruta consultada: /favicon.ico, Metodo GET
[2023-04-08T12:48:52.063] [WARN] warnArchive - Estado: 404, Ruta consultada: /favicon.ico, Metodo GET
[2023-04-08T12:48:53.351] [WARN] warnArchive - Estado: 404, Ruta consultada: /favicon.ico, Metodo GET
[2023-04-08T12:48:53.653] [WARN] warnArchive - Estado: 404, Ruta consultada: /favicon.ico, Metodo GET
[2023-04-08T12:48:53.956] [WARN] warnArchive - Estado: 404, Ruta consultada: /favicon.ico, Metodo GET
[2023-04-08T12:48:54.257] [WARN] warnArchive - Estado: 404, Ruta consultada: /favicon.ico, Metodo GET
[2023-04-08T12:48:54.557] [WARN] warnArchive - Estado: 404, Ruta consultada: /favicon.ico, Metodo GET
[2023-04-08T12:48:55.894] [WARN] warnArchive - Estado: 404, Ruta consultada: /favicon.ico, Metodo GET
[2023-04-08T12:48:56.300] [WARN] warnArchive - Estado: 404, Ruta consultada: /favicon.ico, Metodo GET
[2023-04-08T12:48:56.600] [WARN] warnArchive - Estado: 404, Ruta consultada: /favicon.ico, Metodo GET
[2023-04-08T12:48:56.902] [WARN] warnArchive - Estado: 404, Ruta consultada: /favicon.ico, Metodo GET
[2023-04-08T12:48:57.202] [WARN] warnArchive - Estado: 404, Ruta consultada: /favicon.ico, Metodo GET
[2023-04-08T12:48:57.501] [WARN] warnArchive - Estado: 404, Ruta consultada: /favicon.ico, Metodo GET
[2023-04-08T12:48:57.807] [WARN] warnArchive - Estado: 404, Ruta consultada: /favicon.ico, Metodo GET
[2023-04-08T12:48:58.589] [WARN] warnArchive - Estado: 404, Ruta consultada: /favicon.ico, Metodo GET
[2023-04-08T12:49:01.290] [WARN] warnArchive - Estado: 404, Ruta consultada: /favicon.ico, Metodo GET
[2023-04-08T12:49:01.632] [WARN] warnArchive - Estado: 404, Ruta consultada: /favicon.ico, Metodo GET
[2023-04-08T12:49:01.940] [WARN] warnArchive - Estado: 404, Ruta consultada: /favicon.ico, Metodo GET
[2023-04-08T12:49:02.242] [WARN] warnArchive - Estado: 404, Ruta consultada: /favicon.ico, Metodo GET
[2023-04-08T12:49:02.543] [WARN] warnArchive - Estado: 404, Ruta consultada: /favicon.ico, Metodo GET
[2023-04-08T12:49:02.843] [WARN] warnArchive - Estado: 404, Ruta consultada: /favicon.ico, Metodo GET
[2023-04-08T12:49:03.143] [WARN] warnArchive - Estado: 404, Ruta consultada: /favicon.ico, Metodo GET
[2023-04-08T12:49:03.442] [WARN] warnArchive - Estado: 404, Ruta consultada: /favicon.ico, Metodo GET
[2023-04-08T12:49:03.743] [WARN] warnArchive - Estado: 404, Ruta consultada: /favicon.ico, Metodo GET
[2023-04-08T12:49:04.043] [WARN] warnArchive - Estado: 404, Ruta consultada: /favicon.ico, Metodo GET
[2023-04-08T12:49:04.343] [WARN] warnArchive - Estado: 404, Ruta consultada: /favicon.ico, Metodo GET
[2023-04-08T12:49:04.645] [WARN] warnArchive - Estado: 404, Ruta consultada: /favicon.ico, Metodo GET
[2023-04-08T12:49:04.945] [WARN] warnArchive - Estado: 404, Ruta consultada: /favicon.ico, Metodo GET
[2023-04-08T12:49:05.688] [WARN] warnArchive - Estado: 404, Ruta consultada: /favicon.ico, Metodo GET
[2023-04-08T12:49:05.990] [WARN] warnArchive - Estado: 404, Ruta consultada: /favicon.ico, Metodo GET
[2023-04-08T12:49:06.292] [WARN] warnArchive - Estado: 404, Ruta consultada: /favicon.ico, Metodo GET
[2023-04-08T12:49:06.593] [WARN] warnArchive - Estado: 404, Ruta consultada: /favicon.ico, Metodo GET
[2023-04-08T12:49:06.894] [WARN] warnArchive - Estado: 404, Ruta consultada: /favicon.ico, Metodo GET
[2023-04-08T12:49:31.296] [WARN] warnArchive - Estado: 404, Ruta consultada: /favicon.ico, Metodo GET
[2023-04-08T12:49:34.330] [WARN] warnArchive - Estado: 404, Ruta consultada: /favicon.ico, Metodo GET
[2023-04-08T12:49:34.650] [WARN] warnArchive - Estado: 404, Ruta consultada: /favicon.ico, Metodo GET
[2023-04-08T12:49:34.970] [WARN] warnArchive - Estado: 404, Ruta consultada: /favicon.ico, Metodo GET
[2023-04-08T12:49:35.289] [WARN] warnArchive - Estado: 404, Ruta consultada: /favicon.ico, Metodo GET
[2023-04-08T12:49:35.616] [WARN] warnArchive - Estado: 404, Ruta consultada: /favicon.ico, Metodo GET
[2023-04-08T12:49:36.522] [WARN] warnArchive - Estado: 404, Ruta consultada: /favicon.ico, Metodo GET
[2023-04-08T12:49:36.922] [WARN] warnArchive - Estado: 404, Ruta consultada: /favicon.ico, Metodo GET
[2023-04-08T12:49:39.539] [WARN] warnArchive - Estado: 404, Ruta consultada: /favicon.ico, Metodo GET
[2023-04-08T12:49:41.615] [WARN] warnArchive - Estado: 404, Ruta consultada: /favicon.ico, Metodo GET
[2023-04-08T12:49:43.181] [WARN] warnArchive - Estado: 404, Ruta consultada: /favicon.ico, Metodo GET
[2023-04-08T12:49:47.085] [WARN] warnArchive - Estado: 404, Ruta consultada: /favicon.ico, Metodo GET
[2023-04-08T12:49:48.265] [WARN] warnArchive - Estado: 404, Ruta consultada: /favicon.ico, Metodo GET
[2023-04-08T12:49:50.203] [WARN] warnArchive - Estado: 404, Ruta consultada: /favicon.ico, Metodo GET
[2023-04-08T12:49:59.023] [WARN] warnArchive - Estado: 404, Ruta consultada: /favicon.ico, Metodo GET
[2023-04-08T12:49:59.364] [WARN] warnArchive - Estado: 404, Ruta consultada: /favicon.ico, Metodo GET
[2023-04-08T12:49:59.685] [WARN] warnArchive - Estado: 404, Ruta consultada: /favicon.ico, Metodo GET
[2023-04-08T12:50:01.036] [WARN] warnArchive - Estado: 404, Ruta consultada: /favicon.ico, Metodo GET
[2023-04-08T12:50:02.148] [WARN] warnArchive - Estado: 404, Ruta consultada: /favicon.ico, Metodo GET
[2023-04-08T12:50:02.881] [WARN] warnArchive - Estado: 404, Ruta consultada: /favicon.ico, Metodo GET
[2023-04-08T12:50:03.201] [WARN] warnArchive - Estado: 404, Ruta consultada: /favicon.ico, Metodo GET
[2023-04-08T13:08:52.836] [WARN] warnArchive - Estado: 404, Ruta consultada: /favicon.ico, Metodo GET
[2023-04-08T13:08:57.210] [WARN] warnArchive - Estado: 404, Ruta consultada: /favicon.ico, Metodo GET
[2023-04-08T13:08:58.465] [WARN] warnArchive - Estado: 404, Ruta consultada: /favicon.ico, Metodo GET
[2023-04-08T13:08:59.576] [WARN] warnArchive - Estado: 404, Ruta consultada: /favicon.ico, Metodo GET
[2023-04-08T13:09:44.715] [WARN] warnArchive - Estado: 404, Ruta consultada: /favicon.ico, Metodo GET
[2023-04-08T13:09:51.849] [WARN] warnArchive - Estado: 404, Ruta consultada: /favicon.ico, Metodo GET
[2023-04-08T13:09:53.087] [WARN] warnArchive - Estado: 404, Ruta consultada: /favicon.ico, Metodo GET
[2023-04-08T13:09:53.394] [WARN] warnArchive - Estado: 404, Ruta consultada: /favicon.ico, Metodo GET
[2023-04-08T13:09:53.701] [WARN] warnArchive - Estado: 404, Ruta consultada: /favicon.ico, Metodo GET
[2023-04-08T13:09:54.003] [WARN] warnArchive - Estado: 404, Ruta consultada: /favicon.ico, Metodo GET
[2023-04-08T13:09:54.348] [WARN] warnArchive - Estado: 404, Ruta consultada: /favicon.ico, Metodo GET
[2023-04-08T13:09:54.648] [WARN] warnArchive - Estado: 404, Ruta consultada: /favicon.ico, Metodo GET
[2023-04-08T13:09:54.966] [WARN] warnArchive - Estado: 404, Ruta consultada: /favicon.ico, Metodo GET
[2023-04-08T13:09:56.195] [WARN] warnArchive - Estado: 404, Ruta consultada: /favicon.ico, Metodo GET
[2023-04-08T13:10:06.316] [WARN] warnArchive - Estado: 404, Ruta consultada: /favicon.ico, Metodo GET
[2023-04-08T13:10:43.390] [WARN] warnArchive - Estado: 404, Ruta consultada: /favicon.ico, Metodo GET
[2023-04-08T13:10:43.690] [WARN] warnArchive - Estado: 404, Ruta consultada: /favicon.ico, Metodo GET
[2023-04-08T13:10:43.990] [WARN] warnArchive - Estado: 404, Ruta consultada: /favicon.ico, Metodo GET
[2023-04-08T13:10:44.296] [WARN] warnArchive - Estado: 404, Ruta consultada: /favicon.ico, Metodo GET
[2023-04-08T13:10:44.596] [WARN] warnArchive - Estado: 404, Ruta consultada: /favicon.ico, Metodo GET
[2023-04-08T13:10:44.896] [WARN] warnArchive - Estado: 404, Ruta consultada: /favicon.ico, Metodo GET
[2023-04-08T13:10:45.194] [WARN] warnArchive - Estado: 404, Ruta consultada: /favicon.ico, Metodo GET
[2023-04-08T13:11:02.986] [WARN] warnArchive - Estado: 404, Ruta consultada: /favicon.ico, Metodo GET
[2023-04-08T13:11:03.295] [WARN] warnArchive - Estado: 404, Ruta consultada: /favicon.ico, Metodo GET
[2023-04-08T13:11:03.593] [WARN] warnArchive - Estado: 404, Ruta consultada: /favicon.ico, Metodo GET
[2023-04-08T13:11:03.892] [WARN] warnArchive - Estado: 404, Ruta consultada: /favicon.ico, Metodo GET
[2023-04-08T13:11:06.228] [WARN] warnArchive - Estado: 404, Ruta consultada: /favicon.ico, Metodo GET
[2023-04-08T13:11:06.528] [WARN] warnArchive - Estado: 404, Ruta consultada: /favicon.ico, Metodo GET
[2023-04-08T13:11:06.829] [WARN] warnArchive - Estado: 404, Ruta consultada: /favicon.ico, Metodo GET
[2023-04-08T13:11:10.381] [WARN] warnArchive - Estado: 404, Ruta consultada: /favicon.ico, Metodo GET
[2023-04-08T13:11:14.737] [WARN] warnArchive - Estado: 404, Ruta consultada: /favicon.ico, Metodo GET
[2023-04-08T13:11:22.758] [WARN] warnArchive - Estado: 404, Ruta consultada: /favicon.ico, Metodo GET
[2023-04-08T13:11:50.094] [WARN] warnArchive - Estado: 404, Ruta consultada: /favicon.ico, Metodo GET
[2023-04-08T13:12:18.933] [WARN] warnArchive - Estado: 404, Ruta consultada: /favicon.ico, Metodo GET
[2023-04-08T13:12:20.625] [WARN] warnArchive - Estado: 404, Ruta consultada: /favicon.ico, Metodo GET
[2023-04-08T13:12:22.712] [WARN] warnArchive - Estado: 404, Ruta consultada: /favicon.ico, Metodo GET
[2023-04-08T13:12:33.174] [WARN] warnArchive - Estado: 404, Ruta consultada: /favicon.ico, Metodo GET
[2023-04-08T13:12:34.598] [WARN] warnArchive - Estado: 404, Ruta consultada: /favicon.ico, Metodo GET
[2023-04-08T13:12:34.961] [WARN] warnArchive - Estado: 404, Ruta consultada: /favicon.ico, Metodo GET
[2023-04-08T13:12:42.050] [WARN] warnArchive - Estado: 404, Ruta consultada: /favicon.ico, Metodo GET
[2023-04-08T13:12:42.788] [WARN] warnArchive - Estado: 404, Ruta consultada: /favicon.ico, Metodo GET
[2023-04-08T13:13:52.139] [WARN] warnArchive - Estado: 404, Ruta consultada: /favicon.ico, Metodo GET
[2023-04-08T13:13:52.923] [WARN] warnArchive - Estado: 404, Ruta consultada: /favicon.ico, Metodo GET
[2023-04-08T13:14:13.759] [WARN] warnArchive - Estado: 404, Ruta consultada: /favicon.ico, Metodo GET
[2023-04-08T13:14:14.371] [WARN] warnArchive - Estado: 404, Ruta consultada: /favicon.ico, Metodo GET
[2023-04-08T13:27:17.223] [WARN] warnArchive - Estado: 404, Ruta consultada: /favicon.ico, Metodo GET
[2023-04-08T13:31:05.454] [WARN] warnArchive - Estado: 404, Ruta consultada: /favicon.ico, Metodo GET
[2023-04-08T13:31:06.052] [WARN] warnArchive - Estado: 404, Ruta consultada: /favicon.ico, Metodo GET
[2023-04-08T13:31:07.612] [WARN] warnArchive - Estado: 404, Ruta consultada: /favicon.ico, Metodo GET
[2023-04-08T13:43:07.892] [WARN] warnArchive - Estado: 404, Ruta consultada: /favicon.ico, Metodo GET
[2023-04-08T13:43:57.014] [WARN] warnArchive - Estado: 404, Ruta consultada: /favicon.ico, Metodo GET
[2023-04-08T13:44:03.922] [WARN] warnArchive - Estado: 404, Ruta consultada: /favicon.ico, Metodo GET
[2023-04-08T13:44:04.241] [WARN] warnArchive - Estado: 404, Ruta consultada: /favicon.ico, Metodo GET
[2023-04-08T13:44:04.559] [WARN] warnArchive - Estado: 404, Ruta consultada: /favicon.ico, Metodo GET
[2023-04-08T13:44:04.878] [WARN] warnArchive - Estado: 404, Ruta consultada: /favicon.ico, Metodo GET
[2023-04-08T13:44:05.198] [WARN] warnArchive - Estado: 404, Ruta consultada: /favicon.ico, Metodo GET
[2023-04-08T13:44:10.279] [WARN] warnArchive - Estado: 404, Ruta consultada: /favicon.ico, Metodo GET
[2023-04-08T13:44:10.598] [WARN] warnArchive - Estado: 404, Ruta consultada: /favicon.ico, Metodo GET
[2023-04-08T13:44:10.917] [WARN] warnArchive - Estado: 404, Ruta consultada: /favicon.ico, Metodo GET
[2023-04-08T13:44:11.238] [WARN] warnArchive - Estado: 404, Ruta consultada: /favicon.ico, Metodo GET
[2023-04-08T13:44:11.572] [WARN] warnArchive - Estado: 404, Ruta consultada: /favicon.ico, Metodo GET
[2023-04-08T13:44:14.648] [WARN] warnArchive - Estado: 404, Ruta consultada: /favicon.ico, Metodo GET
[2023-04-08T13:44:14.967] [WARN] warnArchive - Estado: 404, Ruta consultada: /favicon.ico, Metodo GET
[2023-04-08T13:44:15.286] [WARN] warnArchive - Estado: 404, Ruta consultada: /favicon.ico, Metodo GET
[2023-04-08T13:44:15.604] [WARN] warnArchive - Estado: 404, Ruta consultada: /favicon.ico, Metodo GET
[2023-04-08T13:44:15.923] [WARN] warnArchive - Estado: 404, Ruta consultada: /favicon.ico, Metodo GET
[2023-04-08T13:44:16.242] [WARN] warnArchive - Estado: 404, Ruta consultada: /favicon.ico, Metodo GET
[2023-04-08T13:44:16.561] [WARN] warnArchive - Estado: 404, Ruta consultada: /favicon.ico, Metodo GET
[2023-04-08T13:44:16.880] [WARN] warnArchive - Estado: 404, Ruta consultada: /favicon.ico, Metodo GET
[2023-04-08T13:44:17.204] [WARN] warnArchive - Estado: 404, Ruta consultada: /favicon.ico, Metodo GET
[2023-04-08T13:44:17.523] [WARN] warnArchive - Estado: 404, Ruta consultada: /favicon.ico, Metodo GET
[2023-04-08T13:44:17.842] [WARN] warnArchive - Estado: 404, Ruta consultada: /favicon.ico, Metodo GET
[2023-04-08T13:44:18.162] [WARN] warnArchive - Estado: 404, Ruta consultada: /favicon.ico, Metodo GET
[2023-04-08T13:44:18.481] [WARN] warnArchive - Estado: 404, Ruta consultada: /favicon.ico, Metodo GET
[2023-04-08T13:44:18.801] [WARN] warnArchive - Estado: 404, Ruta consultada: /favicon.ico, Metodo GET
[2023-04-08T13:44:19.121] [WARN] warnArchive - Estado: 404, Ruta consultada: /favicon.ico, Metodo GET
[2023-04-08T13:44:19.442] [WARN] warnArchive - Estado: 404, Ruta consultada: /favicon.ico, Metodo GET
[2023-04-08T13:44:19.762] [WARN] warnArchive - Estado: 404, Ruta consultada: /favicon.ico, Metodo GET
[2023-04-08T13:44:20.329] [WARN] warnArchive - Estado: 404, Ruta consultada: /favicon.ico, Metodo GET
[2023-04-08T13:44:20.649] [WARN] warnArchive - Estado: 404, Ruta consultada: /favicon.ico, Metodo GET
[2023-04-08T13:44:20.969] [WARN] warnArchive - Estado: 404, Ruta consultada: /favicon.ico, Metodo GET
[2023-04-08T13:44:21.288] [WARN] warnArchive - Estado: 404, Ruta consultada: /favicon.ico, Metodo GET
[2023-04-08T13:44:21.609] [WARN] warnArchive - Estado: 404, Ruta consultada: /favicon.ico, Metodo GET
[2023-04-08T13:44:21.929] [WARN] warnArchive - Estado: 404, Ruta consultada: /favicon.ico, Metodo GET
[2023-04-08T13:44:22.249] [WARN] warnArchive - Estado: 404, Ruta consultada: /favicon.ico, Metodo GET
[2023-04-08T13:44:22.570] [WARN] warnArchive - Estado: 404, Ruta consultada: /favicon.ico, Metodo GET
[2023-04-08T13:44:22.889] [WARN] warnArchive - Estado: 404, Ruta consultada: /favicon.ico, Metodo GET
[2023-04-08T13:44:23.210] [WARN] warnArchive - Estado: 404, Ruta consultada: /favicon.ico, Metodo GET
[2023-04-08T13:44:26.209] [WARN] warnArchive - Estado: 404, Ruta consultada: /favicon.ico, Metodo GET
[2023-04-08T13:44:27.799] [WARN] warnArchive - Estado: 404, Ruta consultada: /favicon.ico, Metodo GET
[2023-04-08T13:44:28.660] [WARN] warnArchive - Estado: 404, Ruta consultada: /favicon.ico, Metodo GET
[2023-04-08T13:44:30.729] [WARN] warnArchive - Estado: 404, Ruta consultada: /favicon.ico, Metodo GET
[2023-04-08T13:44:32.676] [WARN] warnArchive - Estado: 404, Ruta consultada: /favicon.ico, Metodo GET
[2023-04-08T13:44:32.996] [WARN] warnArchive - Estado: 404, Ruta consultada: /favicon.ico, Metodo GET
[2023-04-08T13:44:33.318] [WARN] warnArchive - Estado: 404, Ruta consultada: /favicon.ico, Metodo GET
[2023-04-08T13:44:33.645] [WARN] warnArchive - Estado: 404, Ruta consultada: /favicon.ico, Metodo GET
[2023-04-08T13:44:33.975] [WARN] warnArchive - Estado: 404, Ruta consultada: /favicon.ico, Metodo GET
[2023-04-08T13:44:34.435] [WARN] warnArchive - Estado: 404, Ruta consultada: /favicon.ico, Metodo GET
[2023-04-08T13:44:40.143] [WARN] warnArchive - Estado: 404, Ruta consultada: /favicon.ico, Metodo GET
[2023-04-08T13:44:40.625] [WARN] warnArchive - Estado: 404, Ruta consultada: /favicon.ico, Metodo GET
[2023-04-08T13:44:40.951] [WARN] warnArchive - Estado: 404, Ruta consultada: /favicon.ico, Metodo GET
[2023-04-08T13:44:41.270] [WARN] warnArchive - Estado: 404, Ruta consultada: /favicon.ico, Metodo GET
[2023-04-08T13:44:41.589] [WARN] warnArchive - Estado: 404, Ruta consultada: /favicon.ico, Metodo GET
[2023-04-08T13:44:41.912] [WARN] warnArchive - Estado: 404, Ruta consultada: /favicon.ico, Metodo GET
[2023-04-08T13:44:45.101] [WARN] warnArchive - Estado: 404, Ruta consultada: /favicon.ico, Metodo GET
[2023-04-08T13:44:52.884] [WARN] warnArchive - Estado: 404, Ruta consultada: /favicon.ico, Metodo GET
[2023-04-08T13:44:53.955] [WARN] warnArchive - Estado: 404, Ruta consultada: /favicon.ico, Metodo GET
[2023-04-08T13:44:55.811] [WARN] warnArchive - Estado: 404, Ruta consultada: /favicon.ico, Metodo GET
[2023-04-08T13:44:56.128] [WARN] warnArchive - Estado: 404, Ruta consultada: /favicon.ico, Metodo GET
[2023-04-08T13:44:57.481] [WARN] warnArchive - Estado: 404, Ruta consultada: /favicon.ico, Metodo GET
[2023-04-08T13:44:57.799] [WARN] warnArchive - Estado: 404, Ruta consultada: /favicon.ico, Metodo GET
[2023-04-08T13:44:59.314] [WARN] warnArchive - Estado: 404, Ruta consultada: /favicon.ico, Metodo GET
[2023-04-08T13:44:59.631] [WARN] warnArchive - Estado: 404, Ruta consultada: /favicon.ico, Metodo GET
[2023-04-08T13:44:59.951] [WARN] warnArchive - Estado: 404, Ruta consultada: /favicon.ico, Metodo GET
[2023-04-08T13:45:00.900] [WARN] warnArchive - Estado: 404, Ruta consultada: /favicon.ico, Metodo GET
[2023-04-08T13:45:06.940] [WARN] warnArchive - Estado: 404, Ruta consultada: /favicon.ico, Metodo GET
[2023-04-08T13:45:36.509] [WARN] warnArchive - Estado: 404, Ruta consultada: /favicon.ico, Metodo GET
[2023-04-08T13:45:36.838] [WARN] warnArchive - Estado: 404, Ruta consultada: /favicon.ico, Metodo GET
[2023-04-08T13:45:46.904] [WARN] warnArchive - Estado: 404, Ruta consultada: /favicon.ico, Metodo GET
[2023-04-08T13:45:48.101] [WARN] warnArchive - Estado: 404, Ruta consultada: /favicon.ico, Metodo GET
[2023-04-08T13:45:54.981] [WARN] warnArchive - Estado: 404, Ruta consultada: /favicon.ico, Metodo GET
[2023-04-08T13:45:55.300] [WARN] warnArchive - Estado: 404, Ruta consultada: /favicon.ico, Metodo GET
[2023-04-08T13:45:55.618] [WARN] warnArchive - Estado: 404, Ruta consultada: /favicon.ico, Metodo GET
[2023-04-08T13:46:02.774] [WARN] warnArchive - Estado: 404, Ruta consultada: /favicon.ico, Metodo GET
[2023-04-08T13:46:03.093] [WARN] warnArchive - Estado: 404, Ruta consultada: /favicon.ico, Metodo GET
[2023-04-08T13:46:03.412] [WARN] warnArchive - Estado: 404, Ruta consultada: /favicon.ico, Metodo GET
[2023-04-08T13:46:04.711] [WARN] warnArchive - Estado: 404, Ruta consultada: /favicon.ico, Metodo GET
[2023-04-08T13:46:05.029] [WARN] warnArchive - Estado: 404, Ruta consultada: /favicon.ico, Metodo GET
[2023-04-08T13:46:05.348] [WARN] warnArchive - Estado: 404, Ruta consultada: /favicon.ico, Metodo GET
[2023-04-08T13:46:05.809] [WARN] warnArchive - Estado: 404, Ruta consultada: /favicon.ico, Metodo GET
[2023-04-08T13:46:06.128] [WARN] warnArchive - Estado: 404, Ruta consultada: /favicon.ico, Metodo GET
[2023-04-08T13:46:06.446] [WARN] warnArchive - Estado: 404, Ruta consultada: /favicon.ico, Metodo GET
[2023-04-08T13:46:06.765] [WARN] warnArchive - Estado: 404, Ruta consultada: /favicon.ico, Metodo GET
[2023-04-08T13:46:13.022] [WARN] warnArchive - Estado: 404, Ruta consultada: /favicon.ico, Metodo GET
[2023-04-08T13:46:16.753] [WARN] warnArchive - Estado: 404, Ruta consultada: /favicon.ico, Metodo GET
[2023-04-08T13:46:17.071] [WARN] warnArchive - Estado: 404, Ruta consultada: /favicon.ico, Metodo GET
[2023-04-08T13:46:22.756] [WARN] warnArchive - Estado: 404, Ruta consultada: /favicon.ico, Metodo GET
[2023-04-08T13:46:24.374] [WARN] warnArchive - Estado: 404, Ruta consultada: /favicon.ico, Metodo GET
[2023-04-08T13:46:28.058] [WARN] warnArchive - Estado: 404, Ruta consultada: /favicon.ico, Metodo GET
[2023-04-08T13:46:29.348] [WARN] warnArchive - Estado: 404, Ruta consultada: /favicon.ico, Metodo GET
[2023-04-08T13:46:37.605] [WARN] warnArchive - Estado: 404, Ruta consultada: /favicon.ico, Metodo GET
[2023-04-08T13:47:15.914] [WARN] warnArchive - Estado: 404, Ruta consultada: /favicon.ico, Metodo GET
[2023-04-08T13:47:20.106] [WARN] warnArchive - Estado: 404, Ruta consultada: /favicon.ico, Metodo GET
[2023-04-08T13:47:23.488] [WARN] warnArchive - Estado: 404, Ruta consultada: /favicon.ico, Metodo GET
[2023-04-08T13:47:38.642] [WARN] warnArchive - Estado: 404, Ruta consultada: /favicon.ico, Metodo GET
[2023-04-08T13:47:43.218] [WARN] warnArchive - Estado: 404, Ruta consultada: /favicon.ico, Metodo GET
[2023-04-08T13:47:46.189] [WARN] warnArchive - Estado: 404, Ruta consultada: /favicon.ico, Metodo GET
[2023-04-08T13:47:48.614] [WARN] warnArchive - Estado: 404, Ruta consultada: /favicon.ico, Metodo GET
[2023-04-08T13:47:51.202] [WARN] warnArchive - Estado: 404, Ruta consultada: /favicon.ico, Metodo GET
[2023-04-08T13:47:52.450] [WARN] warnArchive - Estado: 404, Ruta consultada: /favicon.ico, Metodo GET
[2023-04-08T13:47:53.477] [WARN] warnArchive - Estado: 404, Ruta consultada: /favicon.ico, Metodo GET
[2023-04-08T13:48:34.904] [WARN] warnArchive - Estado: 404, Ruta consultada: /favicon.ico, Metodo GET
[2023-04-08T13:48:35.486] [WARN] warnArchive - Estado: 404, Ruta consultada: /favicon.ico, Metodo GET
[2023-05-05T20:06:46.238] [WARN] warnArchive - Estado: 404, Ruta consultada: /Css/style.css, Metodo GET
[2023-05-05T20:06:46.594] [WARN] warnArchive - Estado: 404, Ruta consultada: /favicon.ico, Metodo GET
[2023-05-05T20:06:54.787] [WARN] warnArchive - Estado: 404, Ruta consultada: /Css/style.css, Metodo GET
[2023-05-05T20:06:55.113] [WARN] warnArchive - Estado: 404, Ruta consultada: /favicon.ico, Metodo GET
[2023-05-05T20:06:57.881] [WARN] warnArchive - Estado: 404, Ruta consultada: /Css/style.css, Metodo GET
[2023-05-05T20:06:58.353] [WARN] warnArchive - Estado: 404, Ruta consultada: /favicon.ico, Metodo GET
[2023-05-05T20:07:00.488] [WARN] warnArchive - Estado: 404, Ruta consultada: /favicon.ico, Metodo GET
[2023-05-05T20:07:02.627] [WARN] warnArchive - Estado: 404, Ruta consultada: /favicon.ico, Metodo GET
[2023-05-05T20:07:04.516] [WARN] warnArchive - Estado: 404, Ruta consultada: /avatar/, Metodo GET
[2023-05-05T20:07:04.849] [WARN] warnArchive - Estado: 404, Ruta consultada: /favicon.ico, Metodo GET
[2023-05-05T20:07:07.525] [WARN] warnArchive - Estado: 404, Ruta consultada: /favicon.ico, Metodo GET
[2023-05-05T20:07:11.855] [WARN] warnArchive - Estado: 404, Ruta consultada: /favicon.ico, Metodo GET
[2023-05-05T20:07:36.050] [WARN] warnArchive - Estado: 404, Ruta consultada: /favicon.ico, Metodo GET
[2023-05-05T20:07:52.601] [WARN] warnArchive - Estado: 404, Ruta consultada: /favicon.ico, Metodo GET
[2023-05-05T20:07:57.570] [WARN] warnArchive - Estado: 404, Ruta consultada: /favicon.ico, Metodo GET
[2023-05-05T20:07:58.844] [WARN] warnArchive - Estado: 404, Ruta consultada: /Css/style.css, Metodo GET
[2023-05-05T20:07:59.190] [WARN] warnArchive - Estado: 404, Ruta consultada: /favicon.ico, Metodo GET
[2023-05-05T20:13:08.375] [WARN] warnArchive - Estado: 404, Ruta consultada: /Css/style.css, Metodo GET
[2023-05-05T20:13:09.655] [WARN] warnArchive - Estado: 404, Ruta consultada: /favicon.ico, Metodo GET
[2023-05-05T20:13:14.467] [WARN] warnArchive - Estado: 404, Ruta consultada: /Css/style.css, Metodo GET
[2023-05-05T20:13:14.967] [WARN] warnArchive - Estado: 404, Ruta consultada: /favicon.ico, Metodo GET
[2023-05-05T20:20:16.225] [WARN] warnArchive - Estado: 404, Ruta consultada: /Css/style.css, Metodo GET
[2023-05-05T20:20:16.720] [WARN] warnArchive - Estado: 404, Ruta consultada: /favicon.ico, Metodo GET
[2023-05-05T20:20:44.251] [WARN] warnArchive - Estado: 404, Ruta consultada: /Css/style.css, Metodo GET
[2023-05-05T20:20:44.728] [WARN] warnArchive - Estado: 404, Ruta consultada: /favicon.ico, Metodo GET
[2023-05-05T20:20:47.637] [WARN] warnArchive - Estado: 404, Ruta consultada: /Css/style.css, Metodo GET
[2023-05-05T20:20:48.130] [WARN] warnArchive - Estado: 404, Ruta consultada: /favicon.ico, Metodo GET
[2023-05-05T20:20:53.336] [WARN] warnArchive - Estado: 404, Ruta consultada: /favicon.ico, Metodo GET
[2023-05-05T20:22:26.680] [WARN] warnArchive - Estado: 404, Ruta consultada: /favicon.ico, Metodo GET
[2023-05-05T20:22:32.745] [WARN] warnArchive - Estado: 404, Ruta consultada: /avatar/, Metodo GET
[2023-05-05T20:22:33.095] [WARN] warnArchive - Estado: 404, Ruta consultada: /favicon.ico, Metodo GET
[2023-05-05T20:22:39.236] [WARN] warnArchive - Estado: 404, Ruta consultada: /favicon.ico, Metodo GET
[2023-05-05T20:22:40.371] [WARN] warnArchive - Estado: 404, Ruta consultada: /favicon.ico, Metodo GET
[2023-05-05T20:22:44.094] [WARN] warnArchive - Estado: 404, Ruta consultada: /favicon.ico, Metodo GET
[2023-05-06T15:49:14.045] [WARN] warnArchive - Estado: 404, Ruta consultada: /Css/style.css, Metodo GET
[2023-05-06T15:49:14.410] [WARN] warnArchive - Estado: 404, Ruta consultada: /favicon.ico, Metodo GET
[2023-05-06T15:49:17.962] [WARN] warnArchive - Estado: 404, Ruta consultada: /Css/style.css, Metodo GET
[2023-05-06T15:49:18.302] [WARN] warnArchive - Estado: 404, Ruta consultada: /favicon.ico, Metodo GET
[2023-05-06T15:49:20.511] [WARN] warnArchive - Estado: 404, Ruta consultada: /favicon.ico, Metodo GET
[2023-05-06T15:49:21.881] [WARN] warnArchive - Estado: 404, Ruta consultada: /Css/style.css, Metodo GET
[2023-05-06T15:49:22.227] [WARN] warnArchive - Estado: 404, Ruta consultada: /favicon.ico, Metodo GET
[2023-05-06T15:49:24.120] [WARN] warnArchive - Estado: 404, Ruta consultada: /favicon.ico, Metodo GET
[2023-05-06T15:52:33.185] [WARN] warnArchive - Estado: 404, Ruta consultada: /Css/style.css, Metodo GET
[2023-05-06T15:52:34.383] [WARN] warnArchive - Estado: 404, Ruta consultada: /favicon.ico, Metodo GET
[2023-05-06T15:52:34.945] [WARN] warnArchive - Estado: 404, Ruta consultada: /Css/style.css, Metodo GET
[2023-05-06T15:52:35.281] [WARN] warnArchive - Estado: 404, Ruta consultada: /favicon.ico, Metodo GET
[2023-05-06T15:52:37.858] [WARN] warnArchive - Estado: 404, Ruta consultada: /favicon.ico, Metodo GET
[2023-05-06T15:52:40.011] [WARN] warnArchive - Estado: 404, Ruta consultada: /Css/style.css, Metodo GET
[2023-05-06T15:52:40.368] [WARN] warnArchive - Estado: 404, Ruta consultada: /favicon.ico, Metodo GET
[2023-05-06T15:52:42.267] [WARN] warnArchive - Estado: 404, Ruta consultada: /favicon.ico, Metodo GET
[2023-05-06T15:53:55.356] [WARN] warnArchive - Estado: 404, Ruta consultada: /favicon.ico, Metodo GET
[2023-05-06T15:54:02.041] [WARN] warnArchive - Estado: 404, Ruta consultada: /Css/style.css, Metodo GET
[2023-05-06T15:54:02.390] [WARN] warnArchive - Estado: 404, Ruta consultada: /favicon.ico, Metodo GET
[2023-05-06T15:54:05.020] [WARN] warnArchive - Estado: 404, Ruta consultada: /favicon.ico, Metodo GET
[2023-05-06T16:04:01.418] [WARN] warnArchive - Estado: 404, Ruta consultada: /Css/style.css, Metodo GET
[2023-05-06T16:04:01.792] [WARN] warnArchive - Estado: 404, Ruta consultada: /favicon.ico, Metodo GET
[2023-05-06T16:04:03.743] [WARN] warnArchive - Estado: 404, Ruta consultada: /Css/style.css, Metodo GET
[2023-05-06T16:04:04.086] [WARN] warnArchive - Estado: 404, Ruta consultada: /favicon.ico, Metodo GET
[2023-05-06T16:04:07.179] [WARN] warnArchive - Estado: 404, Ruta consultada: /Css/style.css, Metodo GET
[2023-05-06T16:04:07.638] [WARN] warnArchive - Estado: 404, Ruta consultada: /favicon.ico, Metodo GET
[2023-05-06T16:04:11.064] [WARN] warnArchive - Estado: 404, Ruta consultada: /favicon.ico, Metodo GET
[2023-05-06T16:07:54.026] [WARN] warnArchive - Estado: 404, Ruta consultada: /favicon.ico, Metodo GET
[2023-05-06T16:07:56.172] [WARN] warnArchive - Estado: 404, Ruta consultada: /favicon.ico, Metodo GET
[2023-05-06T16:07:58.051] [WARN] warnArchive - Estado: 404, Ruta consultada: /favicon.ico, Metodo GET
[2023-05-06T16:08:01.461] [WARN] warnArchive - Estado: 404, Ruta consultada: /favicon.ico, Metodo GET
[2023-05-06T16:08:02.576] [WARN] warnArchive - Estado: 404, Ruta consultada: /Css/style.css, Metodo GET
[2023-05-06T16:08:02.901] [WARN] warnArchive - Estado: 404, Ruta consultada: /favicon.ico, Metodo GET
[2023-05-06T16:08:04.450] [WARN] warnArchive - Estado: 404, Ruta consultada: /favicon.ico, Metodo GET
[2023-05-06T16:11:46.270] [WARN] warnArchive - Estado: 404, Ruta consultada: /Css/style.css, Metodo GET
[2023-05-06T16:11:46.820] [WARN] warnArchive - Estado: 404, Ruta consultada: /favicon.ico, Metodo GET
[2023-05-06T16:11:53.230] [WARN] warnArchive - Estado: 404, Ruta consultada: /favicon.ico, Metodo GET
[2023-05-06T16:11:54.519] [WARN] warnArchive - Estado: 404, Ruta consultada: /favicon.ico, Metodo GET
[2023-05-06T16:12:00.302] [WARN] warnArchive - Estado: 404, Ruta consultada: /favicon.ico, Metodo GET
[2023-05-06T16:12:01.464] [WARN] warnArchive - Estado: 404, Ruta consultada: /favicon.ico, Metodo GET
[2023-05-06T16:12:03.845] [WARN] warnArchive - Estado: 404, Ruta consultada: /favicon.ico, Metodo GET
[2023-05-06T16:12:08.111] [WARN] warnArchive - Estado: 404, Ruta consultada: /favicon.ico, Metodo GET
[2023-05-06T16:12:10.213] [WARN] warnArchive - Estado: 404, Ruta consultada: /favicon.ico, Metodo GET
[2023-05-06T16:12:32.136] [WARN] warnArchive - Estado: 404, Ruta consultada: /api/asd, Metodo GET
[2023-05-06T16:12:32.480] [WARN] warnArchive - Estado: 404, Ruta consultada: /favicon.ico, Metodo GET
[2023-05-06T16:12:37.553] [WARN] warnArchive - Estado: 404, Ruta consultada: /api/asd, Metodo GET
[2023-05-06T16:12:37.887] [WARN] warnArchive - Estado: 404, Ruta consultada: /favicon.ico, Metodo GET
[2023-05-06T16:12:42.486] [WARN] warnArchive - Estado: 404, Ruta consultada: /api/asd, Metodo GET
[2023-05-06T16:12:42.828] [WARN] warnArchive - Estado: 404, Ruta consultada: /favicon.ico, Metodo GET
[2023-05-06T16:12:46.631] [WARN] warnArchive - Estado: 404, Ruta consultada: /api/asd, Metodo GET
[2023-05-06T16:12:46.949] [WARN] warnArchive - Estado: 404, Ruta consultada: /favicon.ico, Metodo GET
[2023-05-06T16:12:54.194] [WARN] warnArchive - Estado: 404, Ruta consultada: /favicon.ico, Metodo GET
[2023-05-06T16:13:08.481] [WARN] warnArchive - Estado: 404, Ruta consultada: /favicon.ico, Metodo GET
[2023-05-06T16:13:10.399] [WARN] warnArchive - Estado: 404, Ruta consultada: /api/asd, Metodo GET
[2023-05-06T16:13:10.716] [WARN] warnArchive - Estado: 404, Ruta consultada: /favicon.ico, Metodo GET
[2023-05-06T16:13:12.575] [WARN] warnArchive - Estado: 404, Ruta consultada: /favicon.ico, Metodo GET
[2023-05-06T16:13:17.782] [WARN] warnArchive - Estado: 404, Ruta consultada: /api/asd, Metodo GET
[2023-05-06T16:13:18.102] [WARN] warnArchive - Estado: 404, Ruta consultada: /favicon.ico, Metodo GET
[2023-05-06T16:13:21.676] [WARN] warnArchive - Estado: 404, Ruta consultada: /favicon.ico, Metodo GET
[2023-05-06T16:13:30.381] [WARN] warnArchive - Estado: 404, Ruta consultada: /api/asd, Metodo GET
[2023-05-06T16:13:30.699] [WARN] warnArchive - Estado: 404, Ruta consultada: /favicon.ico, Metodo GET
[2023-05-06T16:13:33.756] [WARN] warnArchive - Estado: 404, Ruta consultada: /api/asd, Metodo GET
[2023-05-06T16:13:34.074] [WARN] warnArchive - Estado: 404, Ruta consultada: /favicon.ico, Metodo GET
[2023-05-06T16:13:40.325] [WARN] warnArchive - Estado: 404, Ruta consultada: /api/asd, Metodo GET
[2023-05-06T16:13:40.658] [WARN] warnArchive - Estado: 404, Ruta consultada: /favicon.ico, Metodo GET
[2023-05-06T16:13:56.648] [WARN] warnArchive - Estado: 404, Ruta consultada: /favicon.ico, Metodo GET
[2023-05-06T16:14:55.660] [WARN] warnArchive - Estado: 404, Ruta consultada: /api/asd, Metodo GET
[2023-05-06T16:14:55.978] [WARN] warnArchive - Estado: 404, Ruta consultada: /favicon.ico, Metodo GET
[2023-05-06T16:14:57.675] [WARN] warnArchive - Estado: 404, Ruta consultada: /favicon.ico, Metodo GET
[2023-05-06T16:15:03.247] [WARN] warnArchive - Estado: 404, Ruta consultada: /api/asd, Metodo GET
[2023-05-06T16:15:03.577] [WARN] warnArchive - Estado: 404, Ruta consultada: /favicon.ico, Metodo GET
[2023-05-06T16:15:09.243] [WARN] warnArchive - Estado: 404, Ruta consultada: /favicon.ico, Metodo GET
[2023-05-06T16:15:10.343] [WARN] warnArchive - Estado: 404, Ruta consultada: /api/asd, Metodo GET
[2023-05-06T16:15:10.662] [WARN] warnArchive - Estado: 404, Ruta consultada: /favicon.ico, Metodo GET
[2023-05-06T16:16:10.072] [WARN] warnArchive - Estado: 404, Ruta consultada: /api/asd, Metodo GET
[2023-05-06T16:16:10.416] [WARN] warnArchive - Estado: 404, Ruta consultada: /favicon.ico, Metodo GET
[2023-05-06T16:16:12.607] [WARN] warnArchive - Estado: 404, Ruta consultada: /favicon.ico, Metodo GET
[2023-05-06T16:16:22.235] [WARN] warnArchive - Estado: 404, Ruta consultada: /favicon.ico, Metodo GET
[2023-05-06T16:16:27.194] [WARN] warnArchive - Estado: 404, Ruta consultada: /api/asd, Metodo GET
[2023-05-06T16:16:27.537] [WARN] warnArchive - Estado: 404, Ruta consultada: /favicon.ico, Metodo GET
[2023-05-06T16:16:34.837] [WARN] warnArchive - Estado: 404, Ruta consultada: /api/asd, Metodo GET
[2023-05-06T16:16:35.170] [WARN] warnArchive - Estado: 404, Ruta consultada: /favicon.ico, Metodo GET
[2023-05-06T16:16:56.219] [WARN] warnArchive - Estado: 404, Ruta consultada: /favicon.ico, Metodo GET
[2023-05-06T16:16:58.034] [WARN] warnArchive - Estado: 404, Ruta consultada: /Css/style.css, Metodo GET
[2023-05-06T16:16:58.385] [WARN] warnArchive - Estado: 404, Ruta consultada: /favicon.ico, Metodo GET
[2023-05-06T16:17:00.700] [WARN] warnArchive - Estado: 404, Ruta consultada: /Css/style.css, Metodo GET
[2023-05-06T16:17:01.198] [WARN] warnArchive - Estado: 404, Ruta consultada: /favicon.ico, Metodo GET
[2023-05-06T16:17:03.282] [WARN] warnArchive - Estado: 404, Ruta consultada: /api/asd, Metodo GET
[2023-05-06T16:17:03.625] [WARN] warnArchive - Estado: 404, Ruta consultada: /favicon.ico, Metodo GET
[2023-05-06T16:17:37.824] [WARN] warnArchive - Estado: 404, Ruta consultada: /api/asd, Metodo GET
[2023-05-06T16:17:38.173] [WARN] warnArchive - Estado: 404, Ruta consultada: /favicon.ico, Metodo GET
[2023-05-06T16:17:39.547] [WARN] warnArchive - Estado: 404, Ruta consultada: /favicon.ico, Metodo GET
[2023-05-06T16:17:41.328] [WARN] warnArchive - Estado: 404, Ruta consultada: /api/asd, Metodo GET
[2023-05-06T16:17:41.660] [WARN] warnArchive - Estado: 404, Ruta consultada: /favicon.ico, Metodo GET
[2023-05-06T16:17:44.694] [WARN] warnArchive - Estado: 404, Ruta consultada: /favicon.ico, Metodo GET
[2023-05-06T16:17:47.126] [WARN] warnArchive - Estado: 404, Ruta consultada: /api/asd, Metodo GET
[2023-05-06T16:17:47.456] [WARN] warnArchive - Estado: 404, Ruta consultada: /favicon.ico, Metodo GET
[2023-05-06T16:17:54.975] [WARN] warnArchive - Estado: 404, Ruta consultada: /favicon.ico, Metodo GET
[2023-05-06T16:18:01.019] [WARN] warnArchive - Estado: 404, Ruta consultada: /favicon.ico, Metodo GET
[2023-05-06T16:18:09.900] [WARN] warnArchive - Estado: 404, Ruta consultada: /favicon.ico, Metodo GET
[2023-05-06T16:18:15.368] [WARN] warnArchive - Estado: 404, Ruta consultada: /favicon.ico, Metodo GET
[2023-05-06T16:18:18.561] [WARN] warnArchive - Estado: 404, Ruta consultada: /api/asd, Metodo GET
[2023-05-06T16:18:18.895] [WARN] warnArchive - Estado: 404, Ruta consultada: /favicon.ico, Metodo GET
[2023-05-06T16:18:20.945] [WARN] warnArchive - Estado: 404, Ruta consultada: /api/asd, Metodo GET
[2023-05-06T16:18:21.285] [WARN] warnArchive - Estado: 404, Ruta consultada: /favicon.ico, Metodo GET
[2023-05-06T16:18:22.889] [WARN] warnArchive - Estado: 404, Ruta consultada: /api/asd, Metodo GET
[2023-05-06T16:18:23.233] [WARN] warnArchive - Estado: 404, Ruta consultada: /favicon.ico, Metodo GET
[2023-05-06T16:18:29.160] [WARN] warnArchive - Estado: 404, Ruta consultada: /api/asd, Metodo GET
[2023-05-06T16:18:29.490] [WARN] warnArchive - Estado: 404, Ruta consultada: /favicon.ico, Metodo GET
[2023-05-06T16:18:32.015] [WARN] warnArchive - Estado: 404, Ruta consultada: /favicon.ico, Metodo GET
[2023-05-06T16:18:37.293] [WARN] warnArchive - Estado: 404, Ruta consultada: /api/asd, Metodo GET
[2023-05-06T16:18:37.638] [WARN] warnArchive - Estado: 404, Ruta consultada: /favicon.ico, Metodo GET
[2023-05-06T16:18:58.251] [WARN] warnArchive - Estado: 404, Ruta consultada: /api/asd, Metodo GET
[2023-05-06T16:18:58.579] [WARN] warnArchive - Estado: 404, Ruta consultada: /favicon.ico, Metodo GET
[2023-05-06T16:19:06.814] [WARN] warnArchive - Estado: 404, Ruta consultada: /api/asd, Metodo GET
[2023-05-06T16:19:07.146] [WARN] warnArchive - Estado: 404, Ruta consultada: /favicon.ico, Metodo GET
[2023-05-06T16:19:09.104] [WARN] warnArchive - Estado: 404, Ruta consultada: /favicon.ico, Metodo GET
[2023-05-06T16:19:12.227] [WARN] warnArchive - Estado: 404, Ruta consultada: /api/asd, Metodo GET
[2023-05-06T16:19:12.554] [WARN] warnArchive - Estado: 404, Ruta consultada: /favicon.ico, Metodo GET
[2023-05-06T16:21:26.851] [WARN] warnArchive - Estado: 404, Ruta consultada: /favicon.ico, Metodo GET
[2023-05-06T16:21:30.425] [WARN] warnArchive - Estado: 404, Ruta consultada: /Css/style.css, Metodo GET
[2023-05-06T16:21:30.784] [WARN] warnArchive - Estado: 404, Ruta consultada: /favicon.ico, Metodo GET
[2023-05-06T16:21:34.242] [WARN] warnArchive - Estado: 404, Ruta consultada: /favicon.ico, Metodo GET
[2023-05-06T16:23:00.463] [WARN] warnArchive - Estado: 404, Ruta consultada: /favicon.ico, Metodo GET
[2023-05-06T16:23:06.081] [WARN] warnArchive - Estado: 404, Ruta consultada: /Css/style.css, Metodo GET
[2023-05-06T16:23:06.391] [WARN] warnArchive - Estado: 404, Ruta consultada: /favicon.ico, Metodo GET
[2023-05-06T16:23:16.209] [WARN] warnArchive - Estado: 404, Ruta consultada: /Css/style.css, Metodo GET
[2023-05-06T16:23:16.710] [WARN] warnArchive - Estado: 404, Ruta consultada: /favicon.ico, Metodo GET
[2023-05-06T16:23:23.255] [WARN] warnArchive - Estado: 404, Ruta consultada: /favicon.ico, Metodo GET
[2023-05-06T16:23:26.201] [WARN] warnArchive - Estado: 404, Ruta consultada: /api/asd, Metodo GET
[2023-05-06T16:23:26.541] [WARN] warnArchive - Estado: 404, Ruta consultada: /favicon.ico, Metodo GET
[2023-05-06T16:23:31.220] [WARN] warnArchive - Estado: 404, Ruta consultada: /favicon.ico, Metodo GET
[2023-05-06T16:23:33.460] [WARN] warnArchive - Estado: 404, Ruta consultada: /api/asd, Metodo GET
[2023-05-06T16:23:33.778] [WARN] warnArchive - Estado: 404, Ruta consultada: /favicon.ico, Metodo GET
[2023-05-06T16:23:37.813] [WARN] warnArchive - Estado: 404, Ruta consultada: /favicon.ico, Metodo GET
[2023-05-06T16:23:57.027] [WARN] warnArchive - Estado: 404, Ruta consultada: /favicon.ico, Metodo GET
[2023-05-06T16:23:58.225] [WARN] warnArchive - Estado: 404, Ruta consultada: /favicon.ico, Metodo GET
[2023-05-06T16:33:54.962] [WARN] warnArchive - Estado: 404, Ruta consultada: /favicon.ico, Metodo GET
[2023-05-06T16:33:58.246] [WARN] warnArchive - Estado: 404, Ruta consultada: /favicon.ico, Metodo GET
[2023-05-06T16:34:00.449] [WARN] warnArchive - Estado: 404, Ruta consultada: /favicon.ico, Metodo GET
[2023-05-06T16:34:01.994] [WARN] warnArchive - Estado: 404, Ruta consultada: /Css/style.css, Metodo GET
[2023-05-06T16:34:02.330] [WARN] warnArchive - Estado: 404, Ruta consultada: /favicon.ico, Metodo GET
[2023-05-06T16:34:04.687] [WARN] warnArchive - Estado: 404, Ruta consultada: /Css/style.css, Metodo GET
[2023-05-06T16:34:05.182] [WARN] warnArchive - Estado: 404, Ruta consultada: /favicon.ico, Metodo GET
[2023-05-06T16:34:06.941] [WARN] warnArchive - Estado: 404, Ruta consultada: /favicon.ico, Metodo GET
[2023-05-06T16:34:12.557] [WARN] warnArchive - Estado: 404, Ruta consultada: /favicon.ico, Metodo GET
[2023-05-06T16:34:13.859] [WARN] warnArchive - Estado: 404, Ruta consultada: /favicon.ico, Metodo GET
[2023-05-06T16:34:15.216] [WARN] warnArchive - Estado: 404, Ruta consultada: /favicon.ico, Metodo GET
[2023-05-06T16:34:16.385] [WARN] warnArchive - Estado: 404, Ruta consultada: /favicon.ico, Metodo GET
[2023-05-06T16:35:34.013] [WARN] warnArchive - Estado: 404, Ruta consultada: /favicon.ico, Metodo GET
[2023-05-06T16:35:35.287] [WARN] warnArchive - Estado: 404, Ruta consultada: /Css/style.css, Metodo GET
[2023-05-06T16:35:35.640] [WARN] warnArchive - Estado: 404, Ruta consultada: /favicon.ico, Metodo GET
[2023-05-06T16:35:36.775] [WARN] warnArchive - Estado: 404, Ruta consultada: /favicon.ico, Metodo GET
[2023-05-06T16:37:10.452] [WARN] warnArchive - Estado: 404, Ruta consultada: /favicon.ico, Metodo GET
[2023-05-06T16:37:12.153] [WARN] warnArchive - Estado: 404, Ruta consultada: /favicon.ico, Metodo GET
[2023-05-06T16:37:12.193] [WARN] warnArchive - Estado: 404, Ruta consultada: /Css/style.css, Metodo GET
[2023-05-06T16:37:14.695] [WARN] warnArchive - Estado: 404, Ruta consultada: /Css/style.css, Metodo GET
[2023-05-06T16:37:15.178] [WARN] warnArchive - Estado: 404, Ruta consultada: /favicon.ico, Metodo GET
[2023-05-06T16:37:19.755] [WARN] warnArchive - Estado: 404, Ruta consultada: /favicon.ico, Metodo GET
[2023-05-06T16:42:25.257] [WARN] warnArchive - Estado: 404, Ruta consultada: /favicon.ico, Metodo GET
[2023-05-06T16:43:05.962] [WARN] warnArchive - Estado: 404, Ruta consultada: /favicon.ico, Metodo GET
[2023-05-06T16:43:07.194] [WARN] warnArchive - Estado: 404, Ruta consultada: /favicon.ico, Metodo GET
[2023-05-06T16:43:08.519] [WARN] warnArchive - Estado: 404, Ruta consultada: /Css/style.css, Metodo GET
[2023-05-06T16:43:08.869] [WARN] warnArchive - Estado: 404, Ruta consultada: /favicon.ico, Metodo GET
[2023-05-06T16:43:14.642] [WARN] warnArchive - Estado: 404, Ruta consultada: /Css/style.css, Metodo GET
[2023-05-06T16:43:15.140] [WARN] warnArchive - Estado: 404, Ruta consultada: /favicon.ico, Metodo GET
[2023-05-06T16:43:21.724] [WARN] warnArchive - Estado: 404, Ruta consultada: /favicon.ico, Metodo GET
[2023-05-06T16:43:23.584] [WARN] warnArchive - Estado: 404, Ruta consultada: /favicon.ico, Metodo GET
[2023-05-06T16:43:24.509] [WARN] warnArchive - Estado: 404, Ruta consultada: /favicon.ico, Metodo GET
[2023-05-06T16:43:46.738] [WARN] warnArchive - Estado: 404, Ruta consultada: /api/undefined, Metodo GET
[2023-05-06T16:43:47.080] [WARN] warnArchive - Estado: 404, Ruta consultada: /favicon.ico, Metodo GET
[2023-05-06T16:44:01.213] [WARN] warnArchive - Estado: 404, Ruta consultada: /favicon.ico, Metodo GET
[2023-05-06T16:47:47.709] [WARN] warnArchive - Estado: 404, Ruta consultada: /api/undefined, Metodo GET
[2023-05-06T16:47:48.072] [WARN] warnArchive - Estado: 404, Ruta consultada: /favicon.ico, Metodo GET
[2023-05-06T16:57:08.935] [WARN] warnArchive - Estado: 404, Ruta consultada: /favicon.ico, Metodo GET
[2023-05-06T16:57:09.982] [WARN] warnArchive - Estado: 404, Ruta consultada: /Css/style.css, Metodo GET
[2023-05-06T16:57:10.322] [WARN] warnArchive - Estado: 404, Ruta consultada: /favicon.ico, Metodo GET
[2023-05-06T16:57:12.904] [WARN] warnArchive - Estado: 404, Ruta consultada: /Css/style.css, Metodo GET
[2023-05-06T16:57:13.372] [WARN] warnArchive - Estado: 404, Ruta consultada: /favicon.ico, Metodo GET
[2023-05-06T16:57:15.765] [WARN] warnArchive - Estado: 404, Ruta consultada: /favicon.ico, Metodo GET
[2023-05-06T16:57:43.762] [WARN] warnArchive - Estado: 404, Ruta consultada: /api/undefined, Metodo GET
[2023-05-06T16:57:44.318] [WARN] warnArchive - Estado: 404, Ruta consultada: /favicon.ico, Metodo GET
[2023-05-06T16:57:53.964] [WARN] warnArchive - Estado: 404, Ruta consultada: /api/undefined, Metodo GET
[2023-05-06T16:57:54.286] [WARN] warnArchive - Estado: 404, Ruta consultada: /favicon.ico, Metodo GET
[2023-05-06T16:57:56.549] [WARN] warnArchive - Estado: 404, Ruta consultada: /api/undefined, Metodo GET
[2023-05-06T16:57:56.874] [WARN] warnArchive - Estado: 404, Ruta consultada: /favicon.ico, Metodo GET
[2023-05-06T16:57:58.794] [WARN] warnArchive - Estado: 404, Ruta consultada: /favicon.ico, Metodo GET
[2023-05-06T16:58:02.940] [WARN] warnArchive - Estado: 404, Ruta consultada: /api/undefined, Metodo GET
[2023-05-06T16:58:03.267] [WARN] warnArchive - Estado: 404, Ruta consultada: /favicon.ico, Metodo GET
[2023-05-06T16:58:07.657] [WARN] warnArchive - Estado: 404, Ruta consultada: /favicon.ico, Metodo GET
[2023-05-06T16:58:11.828] [WARN] warnArchive - Estado: 404, Ruta consultada: /api/undefined, Metodo GET
[2023-05-06T16:58:12.164] [WARN] warnArchive - Estado: 404, Ruta consultada: /favicon.ico, Metodo GET
[2023-05-06T16:58:13.206] [WARN] warnArchive - Estado: 404, Ruta consultada: /favicon.ico, Metodo GET
[2023-05-06T16:59:08.933] [WARN] warnArchive - Estado: 404, Ruta consultada: /api/undefined, Metodo GET
[2023-05-06T16:59:09.411] [WARN] warnArchive - Estado: 404, Ruta consultada: /favicon.ico, Metodo GET
[2023-05-06T16:59:31.957] [WARN] warnArchive - Estado: 404, Ruta consultada: /favicon.ico, Metodo GET
[2023-05-06T16:59:33.517] [WARN] warnArchive - Estado: 404, Ruta consultada: /favicon.ico, Metodo GET
[2023-05-06T16:59:56.962] [WARN] warnArchive - Estado: 404, Ruta consultada: /favicon.ico, Metodo GET
[2023-05-06T16:59:59.376] [WARN] warnArchive - Estado: 404, Ruta consultada: /favicon.ico, Metodo GET
[2023-05-06T17:00:43.189] [WARN] warnArchive - Estado: 404, Ruta consultada: /favicon.ico, Metodo GET
[2023-05-06T17:00:46.285] [WARN] warnArchive - Estado: 404, Ruta consultada: /favicon.ico, Metodo GET
[2023-05-06T17:01:17.597] [WARN] warnArchive - Estado: 404, Ruta consultada: /favicon.ico, Metodo GET
[2023-05-06T17:01:20.168] [WARN] warnArchive - Estado: 404, Ruta consultada: /favicon.ico, Metodo GET
[2023-05-06T17:01:50.507] [WARN] warnArchive - Estado: 404, Ruta consultada: /favicon.ico, Metodo GET
[2023-05-06T17:01:53.478] [WARN] warnArchive - Estado: 404, Ruta consultada: /favicon.ico, Metodo GET
[2023-05-06T17:02:28.892] [WARN] warnArchive - Estado: 404, Ruta consultada: /favicon.ico, Metodo GET
[2023-05-06T17:02:36.547] [WARN] warnArchive - Estado: 404, Ruta consultada: /favicon.ico, Metodo GET
[2023-05-06T17:02:38.879] [WARN] warnArchive - Estado: 404, Ruta consultada: /api/carrito/deleteProduct, Metodo GET
[2023-05-06T17:02:38.932] [WARN] warnArchive - Estado: 404, Ruta consultada: /favicon.ico, Metodo GET
[2023-05-06T17:02:41.151] [WARN] warnArchive - Estado: 404, Ruta consultada: /favicon.ico, Metodo GET
[2023-05-06T17:02:42.709] [WARN] warnArchive - Estado: 404, Ruta consultada: /favicon.ico, Metodo GET
[2023-05-06T17:02:44.518] [WARN] warnArchive - Estado: 404, Ruta consultada: /favicon.ico, Metodo GET
[2023-05-06T17:02:45.802] [WARN] warnArchive - Estado: 404, Ruta consultada: /favicon.ico, Metodo GET
[2023-05-06T17:02:48.919] [WARN] warnArchive - Estado: 404, Ruta consultada: /favicon.ico, Metodo GET
[2023-05-06T17:02:50.065] [WARN] warnArchive - Estado: 404, Ruta consultada: /Css/style.css, Metodo GET
[2023-05-06T17:02:50.386] [WARN] warnArchive - Estado: 404, Ruta consultada: /favicon.ico, Metodo GET
[2023-05-06T17:02:52.722] [WARN] warnArchive - Estado: 404, Ruta consultada: /Css/style.css, Metodo GET
[2023-05-06T17:02:53.216] [WARN] warnArchive - Estado: 404, Ruta consultada: /favicon.ico, Metodo GET
[2023-05-06T17:02:56.487] [WARN] warnArchive - Estado: 404, Ruta consultada: /favicon.ico, Metodo GET
[2023-05-06T17:02:58.219] [WARN] warnArchive - Estado: 404, Ruta consultada: /favicon.ico, Metodo GET
[2023-05-06T17:03:05.118] [WARN] warnArchive - Estado: 404, Ruta consultada: /favicon.ico, Metodo GET
[2023-05-06T17:03:06.199] [WARN] warnArchive - Estado: 404, Ruta consultada: /favicon.ico, Metodo GET
